<?xml version="1.0" encoding="UTF-8"?>
<!-- Generated by org.testng.reporters.JUnitXMLReporter -->
<testsuite hostname="LAPTOP-0N727CIS" ignored="0" name="AddBulkDetailsNew CITSupport" tests="1" failures="1" timestamp="2021-10-25T22:45:42 IST" time="27.479" errors="0">
  <testcase name="addBulkDetailsNew" time="27.269" classname="com.simplogics.testcases.AddBulkDetailsNew">
    <failure type="java.lang.AssertionError" message="expected [Bulk details successfully modified] but found [Failed to save bulk details : Detail qty,weight,cost must be less than available balance qty [900],weight [2400.74],cost [960440]]">
      <![CDATA[java.lang.AssertionError: expected [Bulk details successfully modified] but found [Failed to save bulk details : Detail qty,weight,cost must be less than available balance qty [900],weight [2400.74],cost [960440]]
at com.simplogics.testcases.AddBulkDetailsNew.addBulkDetailsNew(AddBulkDetailsNew.java:56)
at java.util.ArrayList.forEach(Unknown Source)
... Removed 32 stack frames]]>
    </failure>
  </testcase> <!-- addBulkDetailsNew -->
</testsuite> <!-- AddBulkDetailsNew CITSupport -->
