<html>
<head>
<title>TestNG:   Selecting StockMenu</title>
<link href="../testng.css" rel="stylesheet" type="text/css" />
<link href="../my-testng.css" rel="stylesheet" type="text/css" />

<style type="text/css">
.log { display: none;} 
.stack-trace { display: none;} 
</style>
<script type="text/javascript">
<!--
function flip(e) {
  current = e.style.display;
  if (current == 'block') {
    e.style.display = 'none';
    return 0;
  }
  else {
    e.style.display = 'block';
    return 1;
  }
}

function toggleBox(szDivId, elem, msg1, msg2)
{
  var res = -1;  if (document.getElementById) {
    res = flip(document.getElementById(szDivId));
  }
  else if (document.all) {
    // this is the way old msie versions work
    res = flip(document.all[szDivId]);
  }
  if(elem) {
    if(res == 0) elem.innerHTML = msg1; else elem.innerHTML = msg2;
  }

}

function toggleAllBoxes() {
  if (document.getElementsByTagName) {
    d = document.getElementsByTagName('div');
    for (i = 0; i < d.length; i++) {
      if (d[i].className == 'log') {
        flip(d[i]);
      }
    }
  }
}

// -->
</script>

</head>
<body>
<h2 align='center'> Selecting StockMenu</h2><table border='1' align="center">
<tr>
<td>Tests passed/Failed/Skipped:</td><td>1/0/0</td>
</tr><tr>
<td>Started on:</td><td>Mon Oct 25 23:24:36 IST 2021</td>
</tr>
<tr><td>Total time:</td><td>9 seconds (9378 ms)</td>
</tr><tr>
<td>Included groups:</td><td></td>
</tr><tr>
<td>Excluded groups:</td><td></td>
</tr>
</table><p/>
<small><i>(Hover the method name to see the test class name)</i></small><p/>
<table width='100%' border='1' class='invocation-failed'>
<tr><td colspan='4' align='center'><b>FAILED TESTS</b></td></tr>
<tr><td><b>Test method</b></td>
<td width="30%"><b>Exception</b></td>
<td width="10%"><b>Time (seconds)</b></td>
<td><b>Instance</b></td>
</tr>
<tr>
<td title='com.simplogics.testcases.AddBulkDetailsPopup.addBulkDetailsPopup()'><b>addBulkDetailsPopup</b><br>Test class: com.simplogics.testcases.AddBulkDetailsPopup</td>
<td><div><pre>org.openqa.selenium.NoSuchElementException: no such element: Unable to locate element: {&quot;method&quot;:&quot;xpath&quot;,&quot;selector&quot;:&quot;//*[@id=&quot;b6-b1-datagrid_autogenerate&quot;]/div[2]/div/div[3]/div/div[1]/div[2]/label/input&quot;}
  (Session info: chrome=94.0.4606.81)
For documentation on this error, please visit: https://www.seleniumhq.org/exceptions/no_such_element.html
Build info: version: &apos;3.141.59&apos;, revision: &apos;e82be7d358&apos;, time: &apos;2018-11-14T08:17:03&apos;
System info: host: &apos;LAPTOP-0N727CIS&apos;, ip: &apos;192.168.204.2&apos;, os.name: &apos;Windows 10&apos;, os.arch: &apos;amd64&apos;, os.version: &apos;10.0&apos;, java.version: &apos;1.8.0_241&apos;
Driver info: org.openqa.selenium.chrome.ChromeDriver
Capabilities {acceptInsecureCerts: false, browserName: chrome, browserVersion: 94.0.4606.81, chrome: {chromedriverVersion: 94.0.4606.61 (418b78f5838ed..., userDataDir: C:\Users\Aswathy\AppData\Lo...}, goog:chromeOptions: {debuggerAddress: localhost:1612}, javascriptEnabled: true, networkConnectionEnabled: false, pageLoadStrategy: normal, platform: WINDOWS, platformName: WINDOWS, proxy: Proxy(), setWindowRect: true, strictFileInteractability: false, timeouts: {implicit: 0, pageLoad: 300000, script: 30000}, unhandledPromptBehavior: dismiss and notify, webauthn:extension:credBlob: true, webauthn:extension:largeBlob: true, webauthn:virtualAuthenticators: true}
Session ID: a0487489b94d83ca0c0c23c98e0d19d0
*** Element info: {Using=xpath, value=//*[@id=&quot;b6-b1-datagrid_autogenerate&quot;]/div[2]/div/div[3]/div/div[1]/div[2]/label/input}
	at org.openqa.selenium.remote.http.W3CHttpResponseCodec.createException(W3CHttpResponseCodec.java:187)
	at org.openqa.selenium.remote.http.W3CHttpResponseCodec.decode(W3CHttpResponseCodec.java:122)
	at org.openqa.selenium.remote.http.W3CHttpResponseCodec.decode(W3CHttpResponseCodec.java:49)
	at org.openqa.selenium.remote.HttpCommandExecutor.execute(HttpCommandExecutor.java:158)
	at org.openqa.selenium.remote.service.DriverCommandExecutor.execute(DriverCommandExecutor.java:83)
	at org.openqa.selenium.remote.RemoteWebDriver.execute(RemoteWebDriver.java:552)
	at org.openqa.selenium.remote.RemoteWebDriver.findElement(RemoteWebDriver.java:323)
	at org.openqa.selenium.remote.RemoteWebDriver.findElementByXPath(RemoteWebDriver.java:428)
	at org.openqa.selenium.By$ByXPath.findElement(By.java:353)
	at org.openqa.selenium.remote.RemoteWebDriver.findElement(RemoteWebDriver.java:315)
	at com.simplogics.base.Testbase.click(Testbase.java:158)
	at com.simplogics.testcases.AddBulkDetailsPopup.addBulkDetailsPopup(AddBulkDetailsPopup.java:35)
	at java.util.ArrayList.forEach(Unknown Source)
... Removed 31 stack frames</pre></div><a href='#' onClick='toggleBox("stack-trace925364462", this, "Click to show all stack frames", "Click to hide stack frames")'>Click to show all stack frames</a>
<div class='stack-trace' id='stack-trace925364462'><pre>org.openqa.selenium.NoSuchElementException: no such element: Unable to locate element: {&quot;method&quot;:&quot;xpath&quot;,&quot;selector&quot;:&quot;//*[@id=&quot;b6-b1-datagrid_autogenerate&quot;]/div[2]/div/div[3]/div/div[1]/div[2]/label/input&quot;}
  (Session info: chrome=94.0.4606.81)
For documentation on this error, please visit: https://www.seleniumhq.org/exceptions/no_such_element.html
Build info: version: &apos;3.141.59&apos;, revision: &apos;e82be7d358&apos;, time: &apos;2018-11-14T08:17:03&apos;
System info: host: &apos;LAPTOP-0N727CIS&apos;, ip: &apos;192.168.204.2&apos;, os.name: &apos;Windows 10&apos;, os.arch: &apos;amd64&apos;, os.version: &apos;10.0&apos;, java.version: &apos;1.8.0_241&apos;
Driver info: org.openqa.selenium.chrome.ChromeDriver
Capabilities {acceptInsecureCerts: false, browserName: chrome, browserVersion: 94.0.4606.81, chrome: {chromedriverVersion: 94.0.4606.61 (418b78f5838ed..., userDataDir: C:\Users\Aswathy\AppData\Lo...}, goog:chromeOptions: {debuggerAddress: localhost:1612}, javascriptEnabled: true, networkConnectionEnabled: false, pageLoadStrategy: normal, platform: WINDOWS, platformName: WINDOWS, proxy: Proxy(), setWindowRect: true, strictFileInteractability: false, timeouts: {implicit: 0, pageLoad: 300000, script: 30000}, unhandledPromptBehavior: dismiss and notify, webauthn:extension:credBlob: true, webauthn:extension:largeBlob: true, webauthn:virtualAuthenticators: true}
Session ID: a0487489b94d83ca0c0c23c98e0d19d0
*** Element info: {Using=xpath, value=//*[@id=&quot;b6-b1-datagrid_autogenerate&quot;]/div[2]/div/div[3]/div/div[1]/div[2]/label/input}
	at sun.reflect.NativeConstructorAccessorImpl.newInstance0(Native Method)
	at sun.reflect.NativeConstructorAccessorImpl.newInstance(Unknown Source)
	at sun.reflect.DelegatingConstructorAccessorImpl.newInstance(Unknown Source)
	at java.lang.reflect.Constructor.newInstance(Unknown Source)
	at org.openqa.selenium.remote.http.W3CHttpResponseCodec.createException(W3CHttpResponseCodec.java:187)
	at org.openqa.selenium.remote.http.W3CHttpResponseCodec.decode(W3CHttpResponseCodec.java:122)
	at org.openqa.selenium.remote.http.W3CHttpResponseCodec.decode(W3CHttpResponseCodec.java:49)
	at org.openqa.selenium.remote.HttpCommandExecutor.execute(HttpCommandExecutor.java:158)
	at org.openqa.selenium.remote.service.DriverCommandExecutor.execute(DriverCommandExecutor.java:83)
	at org.openqa.selenium.remote.RemoteWebDriver.execute(RemoteWebDriver.java:552)
	at org.openqa.selenium.remote.RemoteWebDriver.findElement(RemoteWebDriver.java:323)
	at org.openqa.selenium.remote.RemoteWebDriver.findElementByXPath(RemoteWebDriver.java:428)
	at org.openqa.selenium.By$ByXPath.findElement(By.java:353)
	at org.openqa.selenium.remote.RemoteWebDriver.findElement(RemoteWebDriver.java:315)
	at com.simplogics.base.Testbase.click(Testbase.java:158)
	at com.simplogics.testcases.AddBulkDetailsPopup.addBulkDetailsPopup(AddBulkDetailsPopup.java:35)
	at sun.reflect.NativeMethodAccessorImpl.invoke0(Native Method)
	at sun.reflect.NativeMethodAccessorImpl.invoke(Unknown Source)
	at sun.reflect.DelegatingMethodAccessorImpl.invoke(Unknown Source)
	at java.lang.reflect.Method.invoke(Unknown Source)
	at org.testng.internal.MethodInvocationHelper.invokeMethod(MethodInvocationHelper.java:134)
	at org.testng.internal.TestInvoker.invokeMethod(TestInvoker.java:597)
	at org.testng.internal.TestInvoker.invokeTestMethod(TestInvoker.java:173)
	at org.testng.internal.MethodRunner.runInSequence(MethodRunner.java:46)
	at org.testng.internal.TestInvoker$MethodInvocationAgent.invoke(TestInvoker.java:816)
	at org.testng.internal.TestInvoker.invokeTestMethods(TestInvoker.java:146)
	at org.testng.internal.TestMethodWorker.invokeTestMethods(TestMethodWorker.java:146)
	at org.testng.internal.TestMethodWorker.run(TestMethodWorker.java:128)
	at java.util.ArrayList.forEach(Unknown Source)
	at org.testng.TestRunner.privateRun(TestRunner.java:766)
	at org.testng.TestRunner.run(TestRunner.java:587)
	at org.testng.SuiteRunner.runTest(SuiteRunner.java:384)
	at org.testng.SuiteRunner.runSequentially(SuiteRunner.java:378)
	at org.testng.SuiteRunner.privateRun(SuiteRunner.java:337)
	at org.testng.SuiteRunner.run(SuiteRunner.java:286)
	at org.testng.SuiteRunnerWorker.runSuite(SuiteRunnerWorker.java:53)
	at org.testng.SuiteRunnerWorker.run(SuiteRunnerWorker.java:96)
	at org.testng.TestNG.runSuitesSequentially(TestNG.java:1187)
	at org.testng.TestNG.runSuitesLocally(TestNG.java:1109)
	at org.testng.TestNG.runSuites(TestNG.java:1039)
	at org.testng.TestNG.run(TestNG.java:1007)
	at org.testng.remote.AbstractRemoteTestNG.run(AbstractRemoteTestNG.java:115)
	at org.testng.remote.RemoteTestNG.initAndRun(RemoteTestNG.java:251)
	at org.testng.remote.RemoteTestNG.main(RemoteTestNG.java:77)
</pre></div></td>
<td>19</td>
<td>com.simplogics.testcases.AddBulkDetailsPopup@2177849e</td></tr>
</table><p>
<table width='100%' border='1' class='invocation-passed'>
<tr><td colspan='4' align='center'><b>PASSED TESTS</b></td></tr>
<tr><td><b>Test method</b></td>
<td width="30%"><b>Exception</b></td>
<td width="10%"><b>Time (seconds)</b></td>
<td><b>Instance</b></td>
</tr>
<tr>
<td title='com.simplogics.testcases.BagInvoiceSave.bagInvoiceSave()'><b>bagInvoiceSave</b><br>Test class: com.simplogics.testcases.BagInvoiceSave</td>
<td></td>
<td>9</td>
<td>com.simplogics.testcases.BagInvoiceSave@2638011</td></tr>
<tr>
<td title='com.simplogics.testcases.BulkinPopup.bulkinPopup()'><b>bulkinPopup</b><br>Test class: com.simplogics.testcases.BulkinPopup</td>
<td></td>
<td>9</td>
<td>com.simplogics.testcases.BulkinPopup@17a7f733</td></tr>
<tr>
<td title='com.simplogics.testcases.BulkthisInvoice.bulkthisInvoice()'><b>bulkthisInvoice</b><br>Test class: com.simplogics.testcases.BulkthisInvoice</td>
<td></td>
<td>9</td>
<td>com.simplogics.testcases.BulkthisInvoice@175b9425</td></tr>
<tr>
<td title='com.simplogics.testcases.DivideBulk.bulkthisInvoice()'><b>bulkthisInvoice</b><br>Test class: com.simplogics.testcases.DivideBulk</td>
<td></td>
<td>16</td>
<td>com.simplogics.testcases.DivideBulk@672872e1</td></tr>
<tr>
<td title='com.simplogics.testcases.ChooseYourEntityPopup.chooseyourentity()'><b>chooseyourentity</b><br>Test class: com.simplogics.testcases.ChooseYourEntityPopup</td>
<td></td>
<td>7</td>
<td>com.simplogics.testcases.ChooseYourEntityPopup@f79e</td></tr>
<tr>
<td title='com.simplogics.testcases.ChooseYourEntityPopup.chooseyourentity()'><b>chooseyourentity</b><br>Test class: com.simplogics.testcases.ChooseYourEntityPopup</td>
<td></td>
<td>7</td>
<td>com.simplogics.testcases.ChooseYourEntityPopup@4cc8eb05</td></tr>
<tr>
<td title='com.simplogics.testcases.CloseAddBulkAndLogout.closeAddBulkAndLogout()'><b>closeAddBulkAndLogout</b><br>Test class: com.simplogics.testcases.CloseAddBulkAndLogout</td>
<td></td>
<td>5</td>
<td>com.simplogics.testcases.CloseAddBulkAndLogout@5fa07e12</td></tr>
<tr>
<td title='com.simplogics.testcases.CreateGoldInvoice.createGoldInvoice()'><b>createGoldInvoice</b><br>Test class: com.simplogics.testcases.CreateGoldInvoice<br>Parameters: {WMCP=45, PrimarysupplierSarchbox=A'S JEWELRY, billingsupplierSarchbox=ARCADE PTE LTD, TotalQtytextfield=1000, runmode=Y, DocReftextfield=SLA_431, totalgold=80000, billingSupCountry=Singapore, TotalWttextfield=2500.74, primarySupCountry=Singapore, goldloss=2.5}</td>
<td></td>
<td>30</td>
<td>com.simplogics.testcases.CreateGoldInvoice@6aaceffd</td></tr>
<tr>
<td title='com.simplogics.testcases.EditInvoiceHeader.editInvoiceHeader()'><b>editInvoiceHeader</b><br>Test class: com.simplogics.testcases.EditInvoiceHeader</td>
<td></td>
<td>11</td>
<td>com.simplogics.testcases.EditInvoiceHeader@1dac5ef</td></tr>
<tr>
<td title='com.simplogics.testcases.GoldBulk.goldBulk()'><b>goldBulk</b><br>Test class: com.simplogics.testcases.GoldBulk</td>
<td></td>
<td>7</td>
<td>com.simplogics.testcases.GoldBulk@1bb266b3</td></tr>
<tr>
<td title='com.simplogics.testcases.GoldInvoiceDetails.goldInvoiceDetails()'><b>goldInvoiceDetails</b><br>Test class: com.simplogics.testcases.GoldInvoiceDetails<br>Parameters: {Version=1, Config=6, Model=91647, InvoiceCost=500, SupplierPatternCode=1, runmode=Y, InvoiceWt=200, Qty=200, Purchasedby=Piece}</td>
<td></td>
<td>41</td>
<td>com.simplogics.testcases.GoldInvoiceDetails@7b02881e</td></tr>
<tr>
<td title='com.simplogics.testcases.Homepage.homepage()'><b>homepage</b><br>Test class: com.simplogics.testcases.Homepage</td>
<td></td>
<td>5</td>
<td>com.simplogics.testcases.Homepage@2e377400</td></tr>
<tr>
<td title='com.simplogics.testcases.Homepage.homepage()'><b>homepage</b><br>Test class: com.simplogics.testcases.Homepage</td>
<td></td>
<td>5</td>
<td>com.simplogics.testcases.Homepage@1fb700ee</td></tr>
<tr>
<td title='com.simplogics.testcases.Homepage.homepage()'><b>homepage</b><br>Test class: com.simplogics.testcases.Homepage</td>
<td></td>
<td>5</td>
<td>com.simplogics.testcases.Homepage@7690781</td></tr>
<tr>
<td title='com.simplogics.testcases.logout.lgout()'><b>lgout</b><br>Test class: com.simplogics.testcases.logout</td>
<td></td>
<td>5</td>
<td>com.simplogics.testcases.logout@5f16132a</td></tr>
<tr>
<td title='com.simplogics.testcases.LoginPage.loginPage()'><b>loginPage</b><br>Test class: com.simplogics.testcases.LoginPage<br>Parameters: {password=11/11/1111, runmode=Y, username=jowen_pagao}</td>
<td></td>
<td>7</td>
<td>com.simplogics.testcases.LoginPage@3d34d211</td></tr>
<tr>
<td title='com.simplogics.testcases.LoginPage.loginPage()'><b>loginPage</b><br>Test class: com.simplogics.testcases.LoginPage<br>Parameters: {password=11/11/1111, runmode=Y, username=jowen_pagao}</td>
<td></td>
<td>7</td>
<td>com.simplogics.testcases.LoginPage@4da4253</td></tr>
<tr>
<td title='com.simplogics.testcases.PendingAcceptance.pendingAcceptance()'><b>pendingAcceptance</b><br>Test class: com.simplogics.testcases.PendingAcceptance</td>
<td></td>
<td>17</td>
<td>com.simplogics.testcases.PendingAcceptance@6f27a732</td></tr>
<tr>
<td title='com.simplogics.testcases.Relogin.relogin()'><b>relogin</b><br>Test class: com.simplogics.testcases.Relogin<br>Parameters: {password=11/11/1111, runmode=Y, username=alan_tan}</td>
<td></td>
<td>9</td>
<td>com.simplogics.testcases.Relogin@1356d4d4</td></tr>
<tr>
<td title='com.simplogics.testcases.SearchBulkNo.searchBulkNo()'><b>searchBulkNo</b><br>Test class: com.simplogics.testcases.SearchBulkNo</td>
<td></td>
<td>17</td>
<td>com.simplogics.testcases.SearchBulkNo@1018bde2</td></tr>
<tr>
<td title='com.simplogics.testcases.SearchBulkNo.searchBulkNo()'><b>searchBulkNo</b><br>Test class: com.simplogics.testcases.SearchBulkNo</td>
<td></td>
<td>18</td>
<td>com.simplogics.testcases.SearchBulkNo@2525ff7e</td></tr>
<tr>
<td title='com.simplogics.testcases.StockMenuBulk.stockMenuBulk()'><b>stockMenuBulk</b><br>Test class: com.simplogics.testcases.StockMenuBulk</td>
<td></td>
<td>9</td>
<td>com.simplogics.testcases.StockMenuBulk@4470f8a6</td></tr>
<tr>
<td title='com.simplogics.testcases.StockMenuBulk.stockMenuBulk()'><b>stockMenuBulk</b><br>Test class: com.simplogics.testcases.StockMenuBulk</td>
<td></td>
<td>9</td>
<td>com.simplogics.testcases.StockMenuBulk@49dc7102</td></tr>
<tr>
<td title='com.simplogics.testcases.TransferDetailsPopup.transferDetailsPopup()'><b>transferDetailsPopup</b><br>Test class: com.simplogics.testcases.TransferDetailsPopup</td>
<td></td>
<td>7</td>
<td>com.simplogics.testcases.TransferDetailsPopup@3943a2be</td></tr>
<tr>
<td title='com.simplogics.testcases.TransferMenu.transferMenu()'><b>transferMenu</b><br>Test class: com.simplogics.testcases.TransferMenu</td>
<td></td>
<td>25</td>
<td>com.simplogics.testcases.TransferMenu@1d8bd0de</td></tr>
<tr>
<td title='com.simplogics.testcases.uploadinAddRow.uploadbtnAddRow()'><b>uploadbtnAddRow</b><br>Test class: com.simplogics.testcases.uploadinAddRow</td>
<td></td>
<td>43</td>
<td>com.simplogics.testcases.uploadinAddRow@2d2ffcb7</td></tr>
</table><p>
</body>
</html>