<html>
<head>
<title>TestNG:  StockApprovalOrRejection</title>
<link href="../testng.css" rel="stylesheet" type="text/css" />
<link href="../my-testng.css" rel="stylesheet" type="text/css" />

<style type="text/css">
.log { display: none;} 
.stack-trace { display: none;} 
</style>
<script type="text/javascript">
<!--
function flip(e) {
  current = e.style.display;
  if (current == 'block') {
    e.style.display = 'none';
    return 0;
  }
  else {
    e.style.display = 'block';
    return 1;
  }
}

function toggleBox(szDivId, elem, msg1, msg2)
{
  var res = -1;  if (document.getElementById) {
    res = flip(document.getElementById(szDivId));
  }
  else if (document.all) {
    // this is the way old msie versions work
    res = flip(document.all[szDivId]);
  }
  if(elem) {
    if(res == 0) elem.innerHTML = msg1; else elem.innerHTML = msg2;
  }

}

function toggleAllBoxes() {
  if (document.getElementsByTagName) {
    d = document.getElementsByTagName('div');
    for (i = 0; i < d.length; i++) {
      if (d[i].className == 'log') {
        flip(d[i]);
      }
    }
  }
}

// -->
</script>

</head>
<body>
<h2 align='center'>StockApprovalOrRejection</h2><table border='1' align="center">
<tr>
<td>Tests passed/Failed/Skipped:</td><td>0/0/1</td>
</tr><tr>
<td>Started on:</td><td>Thu Jan 13 14:18:19 IST 2022</td>
</tr>
<tr><td>Total time:</td><td>0 seconds (3 ms)</td>
</tr><tr>
<td>Included groups:</td><td></td>
</tr><tr>
<td>Excluded groups:</td><td></td>
</tr>
</table><p/>
<small><i>(Hover the method name to see the test class name)</i></small><p/>
<table width='100%' border='1' class='invocation-passed'>
<tr><td colspan='4' align='center'><b>PASSED TESTS</b></td></tr>
<tr><td><b>Test method</b></td>
<td width="30%"><b>Exception</b></td>
<td width="10%"><b>Time (seconds)</b></td>
<td><b>Instance</b></td>
</tr>
<tr>
<td title='com.simplogics.testcases.AddJewelleryBulkDetails.AddjewelleryBulkDetails()'><b>AddjewelleryBulkDetails</b><br>Test class: com.simplogics.testcases.AddJewelleryBulkDetails<br>Parameters: {Config=3, Sellprice=12, Version=41, Model=11145}</td>
<td></td>
<td>32</td>
<td>com.simplogics.testcases.AddJewelleryBulkDetails@b6b1987</td></tr>
<tr>
<td title='com.simplogics.testcases.AddJewelleryBulkDetails.AddjewelleryBulkDetails()'><b>AddjewelleryBulkDetails</b><br>Test class: com.simplogics.testcases.AddJewelleryBulkDetails<br>Parameters: {Config=3, Sellprice=20, Version=13, Model=13239}</td>
<td></td>
<td>31</td>
<td>com.simplogics.testcases.AddJewelleryBulkDetails@b6b1987</td></tr>
<tr>
<td title='com.simplogics.testcases.BulkSearch.Bulksearch()'><b>Bulksearch</b><br>Test class: com.simplogics.testcases.BulkSearch<br>Parameters: {DocRefNo=SLV-TE130}</td>
<td></td>
<td>34</td>
<td>com.simplogics.testcases.BulkSearch@4409e975</td></tr>
<tr>
<td title='com.simplogics.testcases.GenerateItemNoBulkGold.GenerateitemNoBulk()'><b>GenerateitemNoBulk</b><br>Test class: com.simplogics.testcases.GenerateItemNoBulkGold</td>
<td></td>
<td>64</td>
<td>com.simplogics.testcases.GenerateItemNoBulkGold@1e7aa82b</td></tr>
<tr>
<td title='com.simplogics.testcases.StockManagement.Stockmanagement()'><b>Stockmanagement</b><br>Test class: com.simplogics.testcases.StockManagement</td>
<td></td>
<td>11</td>
<td>com.simplogics.testcases.StockManagement@7096b474</td></tr>
<tr>
<td title='com.simplogics.testcases.ChooseYourEntityPopup.chooseyourentity()'><b>chooseyourentity</b><br>Test class: com.simplogics.testcases.ChooseYourEntityPopup<br>Parameters: {Subaccount=CITSUPPORT3}</td>
<td></td>
<td>5</td>
<td>com.simplogics.testcases.ChooseYourEntityPopup@2101b44a</td></tr>
<tr>
<td title='com.simplogics.testcases.Homepage.homepage()'><b>homepage</b><br>Test class: com.simplogics.testcases.Homepage</td>
<td></td>
<td>10</td>
<td>com.simplogics.testcases.Homepage@655ef322</td></tr>
<tr>
<td title='com.simplogics.testcases.LoginPage.loginPage()'><b>loginPage</b><br>Test class: com.simplogics.testcases.LoginPage<br>Parameters: {password=11/11/1111, runmode=Y, username=jowen_pagao}</td>
<td></td>
<td>1</td>
<td>com.simplogics.testcases.LoginPage@3d97a632</td></tr>
<tr>
<td title='com.simplogics.testcases.StockEditTransferMenu.stockEditTransferMenu()'><b>stockEditTransferMenu</b><br>Test class: com.simplogics.testcases.StockEditTransferMenu</td>
<td></td>
<td>20</td>
<td>com.simplogics.testcases.StockEditTransferMenu@13cf7d52</td></tr>
</table><p>
<table width='100%' border='1' class='invocation-skipped'>
<tr><td colspan='4' align='center'><b>SKIPPED TESTS</b></td></tr>
<tr><td><b>Test method</b></td>
<td width="30%"><b>Exception</b></td>
<td width="10%"><b>Time (seconds)</b></td>
<td><b>Instance</b></td>
</tr>
<tr>
<td title='com.simplogics.testcases.AddGoldBulkDeatails.AddGoldbulkDetails()'><b>AddGoldbulkDetails</b><br>Test class: com.simplogics.testcases.AddGoldBulkDeatails<br>Parameters: {WMSP=50.0, Config=1, Unitprice=100.0, Version=1, Model=4323}</td>
<td><div><pre>org.testng.SkipException: Skipping the test ADDGOLDBULKDETAILSas the Run mode is NO
	at com.simplogics.testcases.AddGoldBulkDeatails.AddGoldbulkDetails(AddGoldBulkDeatails.java:19)
	at java.base/java.util.concurrent.ThreadPoolExecutor.runWorker(ThreadPoolExecutor.java:1136)
	at java.base/java.util.concurrent.ThreadPoolExecutor$Worker.run(ThreadPoolExecutor.java:635)
	at java.base/java.lang.Thread.run(Thread.java:833)
... Removed 12 stack frames</pre></div><a href='#' onClick='toggleBox("stack-trace1441882843", this, "Click to show all stack frames", "Click to hide stack frames")'>Click to show all stack frames</a>
<div class='stack-trace' id='stack-trace1441882843'><pre>org.testng.SkipException: Skipping the test ADDGOLDBULKDETAILSas the Run mode is NO
	at com.simplogics.testcases.AddGoldBulkDeatails.AddGoldbulkDetails(AddGoldBulkDeatails.java:19)
	at java.base/jdk.internal.reflect.NativeMethodAccessorImpl.invoke0(Native Method)
	at java.base/jdk.internal.reflect.NativeMethodAccessorImpl.invoke(NativeMethodAccessorImpl.java:77)
	at java.base/jdk.internal.reflect.DelegatingMethodAccessorImpl.invoke(DelegatingMethodAccessorImpl.java:43)
	at java.base/java.lang.reflect.Method.invoke(Method.java:568)
	at org.testng.internal.MethodInvocationHelper.invokeMethod(MethodInvocationHelper.java:134)
	at org.testng.internal.TestInvoker.invokeMethod(TestInvoker.java:597)
	at org.testng.internal.TestInvoker.invokeTestMethod(TestInvoker.java:173)
	at org.testng.internal.MethodRunner.runInSequence(MethodRunner.java:46)
	at org.testng.internal.TestInvoker$MethodInvocationAgent.invoke(TestInvoker.java:816)
	at org.testng.internal.TestInvoker.invokeTestMethods(TestInvoker.java:146)
	at org.testng.internal.TestMethodWorker.invokeTestMethods(TestMethodWorker.java:146)
	at org.testng.internal.TestMethodWorker.run(TestMethodWorker.java:128)
	at java.base/java.util.concurrent.ThreadPoolExecutor.runWorker(ThreadPoolExecutor.java:1136)
	at java.base/java.util.concurrent.ThreadPoolExecutor$Worker.run(ThreadPoolExecutor.java:635)
	at java.base/java.lang.Thread.run(Thread.java:833)
</pre></div></td>
<td>0</td>
<td>com.simplogics.testcases.AddGoldBulkDeatails@31e4bb20</td></tr>
<tr>
<td title='com.simplogics.testcases.AddGoldBulkDeatails.AddGoldbulkDetails()'><b>AddGoldbulkDetails</b><br>Test class: com.simplogics.testcases.AddGoldBulkDeatails<br>Parameters: {WMSP=50.0, Config=1, Unitprice=100.0, Version=1, Model=4323}</td>
<td><div><pre>org.testng.SkipException: Skipping the test ADDGOLDBULKDETAILSas the Run mode is NO
	at com.simplogics.testcases.AddGoldBulkDeatails.AddGoldbulkDetails(AddGoldBulkDeatails.java:19)
	at java.base/java.util.concurrent.ThreadPoolExecutor.runWorker(ThreadPoolExecutor.java:1136)
	at java.base/java.util.concurrent.ThreadPoolExecutor$Worker.run(ThreadPoolExecutor.java:635)
	at java.base/java.lang.Thread.run(Thread.java:833)
... Removed 12 stack frames</pre></div><a href='#' onClick='toggleBox("stack-trace1512348872", this, "Click to show all stack frames", "Click to hide stack frames")'>Click to show all stack frames</a>
<div class='stack-trace' id='stack-trace1512348872'><pre>org.testng.SkipException: Skipping the test ADDGOLDBULKDETAILSas the Run mode is NO
	at com.simplogics.testcases.AddGoldBulkDeatails.AddGoldbulkDetails(AddGoldBulkDeatails.java:19)
	at java.base/jdk.internal.reflect.NativeMethodAccessorImpl.invoke0(Native Method)
	at java.base/jdk.internal.reflect.NativeMethodAccessorImpl.invoke(NativeMethodAccessorImpl.java:77)
	at java.base/jdk.internal.reflect.DelegatingMethodAccessorImpl.invoke(DelegatingMethodAccessorImpl.java:43)
	at java.base/java.lang.reflect.Method.invoke(Method.java:568)
	at org.testng.internal.MethodInvocationHelper.invokeMethod(MethodInvocationHelper.java:134)
	at org.testng.internal.TestInvoker.invokeMethod(TestInvoker.java:597)
	at org.testng.internal.TestInvoker.invokeTestMethod(TestInvoker.java:173)
	at org.testng.internal.MethodRunner.runInSequence(MethodRunner.java:46)
	at org.testng.internal.TestInvoker$MethodInvocationAgent.invoke(TestInvoker.java:816)
	at org.testng.internal.TestInvoker.invokeTestMethods(TestInvoker.java:146)
	at org.testng.internal.TestMethodWorker.invokeTestMethods(TestMethodWorker.java:146)
	at org.testng.internal.TestMethodWorker.run(TestMethodWorker.java:128)
	at java.base/java.util.concurrent.ThreadPoolExecutor.runWorker(ThreadPoolExecutor.java:1136)
	at java.base/java.util.concurrent.ThreadPoolExecutor$Worker.run(ThreadPoolExecutor.java:635)
	at java.base/java.lang.Thread.run(Thread.java:833)
</pre></div></td>
<td>0</td>
<td>com.simplogics.testcases.AddGoldBulkDeatails@31e4bb20</td></tr>
<tr>
<td title='com.simplogics.testcases.AddInvoiceJewelleryDetails.AddInvoicejewelleryDetails()'><b>AddInvoicejewelleryDetails</b><br>Test class: com.simplogics.testcases.AddInvoiceJewelleryDetails<br>Parameters: {Version=13, Quantity=12, PurchasedBy=Piece, WMCPPerPiece=20.0, Config=3, Model=13239, InvoiceCost=12240.0, SellingPriceMarkup=20.0, SupplierPatternCode=1, InvoiceWeight=120, WMCPPerGram=2.0}</td>
<td><div><pre>org.testng.SkipException: Skipping the test ADDINVOICEJEWELLERYDETAILSas the Run mode is NO
	at com.simplogics.testcases.AddInvoiceJewelleryDetails.AddInvoicejewelleryDetails(AddInvoiceJewelleryDetails.java:16)
	at java.base/java.util.concurrent.ThreadPoolExecutor.runWorker(ThreadPoolExecutor.java:1136)
	at java.base/java.util.concurrent.ThreadPoolExecutor$Worker.run(ThreadPoolExecutor.java:635)
	at java.base/java.lang.Thread.run(Thread.java:833)
... Removed 12 stack frames</pre></div><a href='#' onClick='toggleBox("stack-trace2027816794", this, "Click to show all stack frames", "Click to hide stack frames")'>Click to show all stack frames</a>
<div class='stack-trace' id='stack-trace2027816794'><pre>org.testng.SkipException: Skipping the test ADDINVOICEJEWELLERYDETAILSas the Run mode is NO
	at com.simplogics.testcases.AddInvoiceJewelleryDetails.AddInvoicejewelleryDetails(AddInvoiceJewelleryDetails.java:16)
	at java.base/jdk.internal.reflect.NativeMethodAccessorImpl.invoke0(Native Method)
	at java.base/jdk.internal.reflect.NativeMethodAccessorImpl.invoke(NativeMethodAccessorImpl.java:77)
	at java.base/jdk.internal.reflect.DelegatingMethodAccessorImpl.invoke(DelegatingMethodAccessorImpl.java:43)
	at java.base/java.lang.reflect.Method.invoke(Method.java:568)
	at org.testng.internal.MethodInvocationHelper.invokeMethod(MethodInvocationHelper.java:134)
	at org.testng.internal.TestInvoker.invokeMethod(TestInvoker.java:597)
	at org.testng.internal.TestInvoker.invokeTestMethod(TestInvoker.java:173)
	at org.testng.internal.MethodRunner.runInSequence(MethodRunner.java:46)
	at org.testng.internal.TestInvoker$MethodInvocationAgent.invoke(TestInvoker.java:816)
	at org.testng.internal.TestInvoker.invokeTestMethods(TestInvoker.java:146)
	at org.testng.internal.TestMethodWorker.invokeTestMethods(TestMethodWorker.java:146)
	at org.testng.internal.TestMethodWorker.run(TestMethodWorker.java:128)
	at java.base/java.util.concurrent.ThreadPoolExecutor.runWorker(ThreadPoolExecutor.java:1136)
	at java.base/java.util.concurrent.ThreadPoolExecutor$Worker.run(ThreadPoolExecutor.java:635)
	at java.base/java.lang.Thread.run(Thread.java:833)
</pre></div></td>
<td>0</td>
<td>com.simplogics.testcases.AddInvoiceJewelleryDetails@6b7906b3</td></tr>
<tr>
<td title='com.simplogics.testcases.AddInvoiceJewelleryDetails.AddInvoicejewelleryDetails()'><b>AddInvoicejewelleryDetails</b><br>Test class: com.simplogics.testcases.AddInvoiceJewelleryDetails<br>Parameters: {Version=13, Quantity=8, PurchasedBy=Piece, WMCPPerPiece=20.0, Config=3, Model=13239, InvoiceCost=8160.0, SellingPriceMarkup=20.0, SupplierPatternCode=2, InvoiceWeight=80, WMCPPerGram=2.0}</td>
<td><div><pre>org.testng.SkipException: Skipping the test ADDINVOICEJEWELLERYDETAILSas the Run mode is NO
	at com.simplogics.testcases.AddInvoiceJewelleryDetails.AddInvoicejewelleryDetails(AddInvoiceJewelleryDetails.java:16)
	at java.base/java.util.concurrent.ThreadPoolExecutor.runWorker(ThreadPoolExecutor.java:1136)
	at java.base/java.util.concurrent.ThreadPoolExecutor$Worker.run(ThreadPoolExecutor.java:635)
	at java.base/java.lang.Thread.run(Thread.java:833)
... Removed 12 stack frames</pre></div><a href='#' onClick='toggleBox("stack-trace1037866533", this, "Click to show all stack frames", "Click to hide stack frames")'>Click to show all stack frames</a>
<div class='stack-trace' id='stack-trace1037866533'><pre>org.testng.SkipException: Skipping the test ADDINVOICEJEWELLERYDETAILSas the Run mode is NO
	at com.simplogics.testcases.AddInvoiceJewelleryDetails.AddInvoicejewelleryDetails(AddInvoiceJewelleryDetails.java:16)
	at java.base/jdk.internal.reflect.NativeMethodAccessorImpl.invoke0(Native Method)
	at java.base/jdk.internal.reflect.NativeMethodAccessorImpl.invoke(NativeMethodAccessorImpl.java:77)
	at java.base/jdk.internal.reflect.DelegatingMethodAccessorImpl.invoke(DelegatingMethodAccessorImpl.java:43)
	at java.base/java.lang.reflect.Method.invoke(Method.java:568)
	at org.testng.internal.MethodInvocationHelper.invokeMethod(MethodInvocationHelper.java:134)
	at org.testng.internal.TestInvoker.invokeMethod(TestInvoker.java:597)
	at org.testng.internal.TestInvoker.invokeTestMethod(TestInvoker.java:173)
	at org.testng.internal.MethodRunner.runInSequence(MethodRunner.java:46)
	at org.testng.internal.TestInvoker$MethodInvocationAgent.invoke(TestInvoker.java:816)
	at org.testng.internal.TestInvoker.invokeTestMethods(TestInvoker.java:146)
	at org.testng.internal.TestMethodWorker.invokeTestMethods(TestMethodWorker.java:146)
	at org.testng.internal.TestMethodWorker.run(TestMethodWorker.java:128)
	at java.base/java.util.concurrent.ThreadPoolExecutor.runWorker(ThreadPoolExecutor.java:1136)
	at java.base/java.util.concurrent.ThreadPoolExecutor$Worker.run(ThreadPoolExecutor.java:635)
	at java.base/java.lang.Thread.run(Thread.java:833)
</pre></div></td>
<td>0</td>
<td>com.simplogics.testcases.AddInvoiceJewelleryDetails@6b7906b3</td></tr>
<tr>
<td title='com.simplogics.testcases.AddInvoiceJewelleryDetails.AddInvoicejewelleryDetails()'><b>AddInvoicejewelleryDetails</b><br>Test class: com.simplogics.testcases.AddInvoiceJewelleryDetails<br>Parameters: {Version=13, Quantity=5, PurchasedBy=Piece, WMCPPerPiece=20.0, Config=3, Model=13239, InvoiceCost=5100.0, SellingPriceMarkup=20.0, SupplierPatternCode=3, InvoiceWeight=50, WMCPPerGram=2.0}</td>
<td><div><pre>org.testng.SkipException: Skipping the test ADDINVOICEJEWELLERYDETAILSas the Run mode is NO
	at com.simplogics.testcases.AddInvoiceJewelleryDetails.AddInvoicejewelleryDetails(AddInvoiceJewelleryDetails.java:16)
	at java.base/java.util.concurrent.ThreadPoolExecutor.runWorker(ThreadPoolExecutor.java:1136)
	at java.base/java.util.concurrent.ThreadPoolExecutor$Worker.run(ThreadPoolExecutor.java:635)
	at java.base/java.lang.Thread.run(Thread.java:833)
... Removed 12 stack frames</pre></div><a href='#' onClick='toggleBox("stack-trace2094725768", this, "Click to show all stack frames", "Click to hide stack frames")'>Click to show all stack frames</a>
<div class='stack-trace' id='stack-trace2094725768'><pre>org.testng.SkipException: Skipping the test ADDINVOICEJEWELLERYDETAILSas the Run mode is NO
	at com.simplogics.testcases.AddInvoiceJewelleryDetails.AddInvoicejewelleryDetails(AddInvoiceJewelleryDetails.java:16)
	at java.base/jdk.internal.reflect.NativeMethodAccessorImpl.invoke0(Native Method)
	at java.base/jdk.internal.reflect.NativeMethodAccessorImpl.invoke(NativeMethodAccessorImpl.java:77)
	at java.base/jdk.internal.reflect.DelegatingMethodAccessorImpl.invoke(DelegatingMethodAccessorImpl.java:43)
	at java.base/java.lang.reflect.Method.invoke(Method.java:568)
	at org.testng.internal.MethodInvocationHelper.invokeMethod(MethodInvocationHelper.java:134)
	at org.testng.internal.TestInvoker.invokeMethod(TestInvoker.java:597)
	at org.testng.internal.TestInvoker.invokeTestMethod(TestInvoker.java:173)
	at org.testng.internal.MethodRunner.runInSequence(MethodRunner.java:46)
	at org.testng.internal.TestInvoker$MethodInvocationAgent.invoke(TestInvoker.java:816)
	at org.testng.internal.TestInvoker.invokeTestMethods(TestInvoker.java:146)
	at org.testng.internal.TestMethodWorker.invokeTestMethods(TestMethodWorker.java:146)
	at org.testng.internal.TestMethodWorker.run(TestMethodWorker.java:128)
	at java.base/java.util.concurrent.ThreadPoolExecutor.runWorker(ThreadPoolExecutor.java:1136)
	at java.base/java.util.concurrent.ThreadPoolExecutor$Worker.run(ThreadPoolExecutor.java:635)
	at java.base/java.lang.Thread.run(Thread.java:833)
</pre></div></td>
<td>0</td>
<td>com.simplogics.testcases.AddInvoiceJewelleryDetails@6b7906b3</td></tr>
<tr>
<td title='com.simplogics.testcases.AddInvoiceGoldDetails.AddinvoiceGoldDetails()'><b>AddinvoiceGoldDetails</b><br>Test class: com.simplogics.testcases.AddInvoiceGoldDetails<br>Parameters: {Version=1, Quantity=12, PurchasedBy=Piece, WMCPPerPiece=20.0, Config=1, Model=4323, InvoiceCost=12240.0, SellingPriceMarkup=20.0, SupplierPatternCode=1, InvoiceWeight=120, WMCPPerGram=2.0}</td>
<td><div><pre>org.testng.SkipException: Skipping the test ADDINVOICEGOLDDETAILSas the Run mode is NO
	at com.simplogics.testcases.AddInvoiceGoldDetails.AddinvoiceGoldDetails(AddInvoiceGoldDetails.java:17)
	at java.base/java.util.concurrent.ThreadPoolExecutor.runWorker(ThreadPoolExecutor.java:1136)
	at java.base/java.util.concurrent.ThreadPoolExecutor$Worker.run(ThreadPoolExecutor.java:635)
	at java.base/java.lang.Thread.run(Thread.java:833)
... Removed 12 stack frames</pre></div><a href='#' onClick='toggleBox("stack-trace2072868271", this, "Click to show all stack frames", "Click to hide stack frames")'>Click to show all stack frames</a>
<div class='stack-trace' id='stack-trace2072868271'><pre>org.testng.SkipException: Skipping the test ADDINVOICEGOLDDETAILSas the Run mode is NO
	at com.simplogics.testcases.AddInvoiceGoldDetails.AddinvoiceGoldDetails(AddInvoiceGoldDetails.java:17)
	at java.base/jdk.internal.reflect.NativeMethodAccessorImpl.invoke0(Native Method)
	at java.base/jdk.internal.reflect.NativeMethodAccessorImpl.invoke(NativeMethodAccessorImpl.java:77)
	at java.base/jdk.internal.reflect.DelegatingMethodAccessorImpl.invoke(DelegatingMethodAccessorImpl.java:43)
	at java.base/java.lang.reflect.Method.invoke(Method.java:568)
	at org.testng.internal.MethodInvocationHelper.invokeMethod(MethodInvocationHelper.java:134)
	at org.testng.internal.TestInvoker.invokeMethod(TestInvoker.java:597)
	at org.testng.internal.TestInvoker.invokeTestMethod(TestInvoker.java:173)
	at org.testng.internal.MethodRunner.runInSequence(MethodRunner.java:46)
	at org.testng.internal.TestInvoker$MethodInvocationAgent.invoke(TestInvoker.java:816)
	at org.testng.internal.TestInvoker.invokeTestMethods(TestInvoker.java:146)
	at org.testng.internal.TestMethodWorker.invokeTestMethods(TestMethodWorker.java:146)
	at org.testng.internal.TestMethodWorker.run(TestMethodWorker.java:128)
	at java.base/java.util.concurrent.ThreadPoolExecutor.runWorker(ThreadPoolExecutor.java:1136)
	at java.base/java.util.concurrent.ThreadPoolExecutor$Worker.run(ThreadPoolExecutor.java:635)
	at java.base/java.lang.Thread.run(Thread.java:833)
</pre></div></td>
<td>0</td>
<td>com.simplogics.testcases.AddInvoiceGoldDetails@35390ee3</td></tr>
<tr>
<td title='com.simplogics.testcases.AddInvoiceGoldDetails.AddinvoiceGoldDetails()'><b>AddinvoiceGoldDetails</b><br>Test class: com.simplogics.testcases.AddInvoiceGoldDetails<br>Parameters: {Version=1, Quantity=8, PurchasedBy=Piece, WMCPPerPiece=20.0, Config=1, Model=4323, InvoiceCost=8160.0, SellingPriceMarkup=20.0, SupplierPatternCode=2, InvoiceWeight=80, WMCPPerGram=2.0}</td>
<td><div><pre>org.testng.SkipException: Skipping the test ADDINVOICEGOLDDETAILSas the Run mode is NO
	at com.simplogics.testcases.AddInvoiceGoldDetails.AddinvoiceGoldDetails(AddInvoiceGoldDetails.java:17)
	at java.base/java.util.concurrent.ThreadPoolExecutor.runWorker(ThreadPoolExecutor.java:1136)
	at java.base/java.util.concurrent.ThreadPoolExecutor$Worker.run(ThreadPoolExecutor.java:635)
	at java.base/java.lang.Thread.run(Thread.java:833)
... Removed 12 stack frames</pre></div><a href='#' onClick='toggleBox("stack-trace1413853418", this, "Click to show all stack frames", "Click to hide stack frames")'>Click to show all stack frames</a>
<div class='stack-trace' id='stack-trace1413853418'><pre>org.testng.SkipException: Skipping the test ADDINVOICEGOLDDETAILSas the Run mode is NO
	at com.simplogics.testcases.AddInvoiceGoldDetails.AddinvoiceGoldDetails(AddInvoiceGoldDetails.java:17)
	at java.base/jdk.internal.reflect.NativeMethodAccessorImpl.invoke0(Native Method)
	at java.base/jdk.internal.reflect.NativeMethodAccessorImpl.invoke(NativeMethodAccessorImpl.java:77)
	at java.base/jdk.internal.reflect.DelegatingMethodAccessorImpl.invoke(DelegatingMethodAccessorImpl.java:43)
	at java.base/java.lang.reflect.Method.invoke(Method.java:568)
	at org.testng.internal.MethodInvocationHelper.invokeMethod(MethodInvocationHelper.java:134)
	at org.testng.internal.TestInvoker.invokeMethod(TestInvoker.java:597)
	at org.testng.internal.TestInvoker.invokeTestMethod(TestInvoker.java:173)
	at org.testng.internal.MethodRunner.runInSequence(MethodRunner.java:46)
	at org.testng.internal.TestInvoker$MethodInvocationAgent.invoke(TestInvoker.java:816)
	at org.testng.internal.TestInvoker.invokeTestMethods(TestInvoker.java:146)
	at org.testng.internal.TestMethodWorker.invokeTestMethods(TestMethodWorker.java:146)
	at org.testng.internal.TestMethodWorker.run(TestMethodWorker.java:128)
	at java.base/java.util.concurrent.ThreadPoolExecutor.runWorker(ThreadPoolExecutor.java:1136)
	at java.base/java.util.concurrent.ThreadPoolExecutor$Worker.run(ThreadPoolExecutor.java:635)
	at java.base/java.lang.Thread.run(Thread.java:833)
</pre></div></td>
<td>0</td>
<td>com.simplogics.testcases.AddInvoiceGoldDetails@35390ee3</td></tr>
<tr>
<td title='com.simplogics.testcases.AddInvoiceGoldDetails.AddinvoiceGoldDetails()'><b>AddinvoiceGoldDetails</b><br>Test class: com.simplogics.testcases.AddInvoiceGoldDetails<br>Parameters: {Version=1, Quantity=5, PurchasedBy=Piece, WMCPPerPiece=20.0, Config=1, Model=4323, InvoiceCost=5100.0, SellingPriceMarkup=20.0, SupplierPatternCode=3, InvoiceWeight=50, WMCPPerGram=2.0}</td>
<td><div><pre>org.testng.SkipException: Skipping the test ADDINVOICEGOLDDETAILSas the Run mode is NO
	at com.simplogics.testcases.AddInvoiceGoldDetails.AddinvoiceGoldDetails(AddInvoiceGoldDetails.java:17)
	at java.base/java.util.concurrent.ThreadPoolExecutor.runWorker(ThreadPoolExecutor.java:1136)
	at java.base/java.util.concurrent.ThreadPoolExecutor$Worker.run(ThreadPoolExecutor.java:635)
	at java.base/java.lang.Thread.run(Thread.java:833)
... Removed 12 stack frames</pre></div><a href='#' onClick='toggleBox("stack-trace597347204", this, "Click to show all stack frames", "Click to hide stack frames")'>Click to show all stack frames</a>
<div class='stack-trace' id='stack-trace597347204'><pre>org.testng.SkipException: Skipping the test ADDINVOICEGOLDDETAILSas the Run mode is NO
	at com.simplogics.testcases.AddInvoiceGoldDetails.AddinvoiceGoldDetails(AddInvoiceGoldDetails.java:17)
	at java.base/jdk.internal.reflect.NativeMethodAccessorImpl.invoke0(Native Method)
	at java.base/jdk.internal.reflect.NativeMethodAccessorImpl.invoke(NativeMethodAccessorImpl.java:77)
	at java.base/jdk.internal.reflect.DelegatingMethodAccessorImpl.invoke(DelegatingMethodAccessorImpl.java:43)
	at java.base/java.lang.reflect.Method.invoke(Method.java:568)
	at org.testng.internal.MethodInvocationHelper.invokeMethod(MethodInvocationHelper.java:134)
	at org.testng.internal.TestInvoker.invokeMethod(TestInvoker.java:597)
	at org.testng.internal.TestInvoker.invokeTestMethod(TestInvoker.java:173)
	at org.testng.internal.MethodRunner.runInSequence(MethodRunner.java:46)
	at org.testng.internal.TestInvoker$MethodInvocationAgent.invoke(TestInvoker.java:816)
	at org.testng.internal.TestInvoker.invokeTestMethods(TestInvoker.java:146)
	at org.testng.internal.TestMethodWorker.invokeTestMethods(TestMethodWorker.java:146)
	at org.testng.internal.TestMethodWorker.run(TestMethodWorker.java:128)
	at java.base/java.util.concurrent.ThreadPoolExecutor.runWorker(ThreadPoolExecutor.java:1136)
	at java.base/java.util.concurrent.ThreadPoolExecutor$Worker.run(ThreadPoolExecutor.java:635)
	at java.base/java.lang.Thread.run(Thread.java:833)
</pre></div></td>
<td>0</td>
<td>com.simplogics.testcases.AddInvoiceGoldDetails@35390ee3</td></tr>
<tr>
<td title='com.simplogics.testcases.CreateJewelleryBulkManual.CreatejewelleryBulkManual()'><b>CreatejewelleryBulkManual</b><br>Test class: com.simplogics.testcases.CreateJewelleryBulkManual<br>Parameters: {ExchangeRate=4, BulkCost=4800, TotalQty=12, TotalWeight=600, PONo=SLV33, DocRefNo=SLV-TE133}</td>
<td><div><pre>org.testng.SkipException: Skipping the test CREATEJEWELLERYBULKMANUALas the Run mode is NO
	at com.simplogics.testcases.CreateJewelleryBulkManual.CreatejewelleryBulkManual(CreateJewelleryBulkManual.java:19)
	at java.base/java.util.concurrent.ThreadPoolExecutor.runWorker(ThreadPoolExecutor.java:1136)
	at java.base/java.util.concurrent.ThreadPoolExecutor$Worker.run(ThreadPoolExecutor.java:635)
	at java.base/java.lang.Thread.run(Thread.java:833)
... Removed 12 stack frames</pre></div><a href='#' onClick='toggleBox("stack-trace1165676554", this, "Click to show all stack frames", "Click to hide stack frames")'>Click to show all stack frames</a>
<div class='stack-trace' id='stack-trace1165676554'><pre>org.testng.SkipException: Skipping the test CREATEJEWELLERYBULKMANUALas the Run mode is NO
	at com.simplogics.testcases.CreateJewelleryBulkManual.CreatejewelleryBulkManual(CreateJewelleryBulkManual.java:19)
	at java.base/jdk.internal.reflect.NativeMethodAccessorImpl.invoke0(Native Method)
	at java.base/jdk.internal.reflect.NativeMethodAccessorImpl.invoke(NativeMethodAccessorImpl.java:77)
	at java.base/jdk.internal.reflect.DelegatingMethodAccessorImpl.invoke(DelegatingMethodAccessorImpl.java:43)
	at java.base/java.lang.reflect.Method.invoke(Method.java:568)
	at org.testng.internal.MethodInvocationHelper.invokeMethod(MethodInvocationHelper.java:134)
	at org.testng.internal.TestInvoker.invokeMethod(TestInvoker.java:597)
	at org.testng.internal.TestInvoker.invokeTestMethod(TestInvoker.java:173)
	at org.testng.internal.MethodRunner.runInSequence(MethodRunner.java:46)
	at org.testng.internal.TestInvoker$MethodInvocationAgent.invoke(TestInvoker.java:816)
	at org.testng.internal.TestInvoker.invokeTestMethods(TestInvoker.java:146)
	at org.testng.internal.TestMethodWorker.invokeTestMethods(TestMethodWorker.java:146)
	at org.testng.internal.TestMethodWorker.run(TestMethodWorker.java:128)
	at java.base/java.util.concurrent.ThreadPoolExecutor.runWorker(ThreadPoolExecutor.java:1136)
	at java.base/java.util.concurrent.ThreadPoolExecutor$Worker.run(ThreadPoolExecutor.java:635)
	at java.base/java.lang.Thread.run(Thread.java:833)
</pre></div></td>
<td>0</td>
<td>com.simplogics.testcases.CreateJewelleryBulkManual@aeab9a1</td></tr>
<tr>
<td title='com.simplogics.testcases.CreateJewelleryInvoice.CreatejewelleryInvoice()'><b>CreatejewelleryInvoice</b><br>Test class: com.simplogics.testcases.CreateJewelleryInvoice<br>Parameters: {WMCP=500, ExchangeRate=4, PrimarysupplierSarchbox=A'S JEWELRY, billingsupplierSarchbox=AMTC, TotalQtytextfield=25, DocReftextfield=SLM_700, totalgold=25000, billingSupCountry=Singapore, TotalWttextfield=250, primarySupCountry=Singapore}</td>
<td><div><pre>org.testng.SkipException: Skipping the test CREATEJEWELLERYINVOICEas the Run mode is NO
	at com.simplogics.testcases.CreateJewelleryInvoice.CreatejewelleryInvoice(CreateJewelleryInvoice.java:20)
	at java.base/java.util.concurrent.ThreadPoolExecutor.runWorker(ThreadPoolExecutor.java:1136)
	at java.base/java.util.concurrent.ThreadPoolExecutor$Worker.run(ThreadPoolExecutor.java:635)
	at java.base/java.lang.Thread.run(Thread.java:833)
... Removed 12 stack frames</pre></div><a href='#' onClick='toggleBox("stack-trace1001756630", this, "Click to show all stack frames", "Click to hide stack frames")'>Click to show all stack frames</a>
<div class='stack-trace' id='stack-trace1001756630'><pre>org.testng.SkipException: Skipping the test CREATEJEWELLERYINVOICEas the Run mode is NO
	at com.simplogics.testcases.CreateJewelleryInvoice.CreatejewelleryInvoice(CreateJewelleryInvoice.java:20)
	at java.base/jdk.internal.reflect.NativeMethodAccessorImpl.invoke0(Native Method)
	at java.base/jdk.internal.reflect.NativeMethodAccessorImpl.invoke(NativeMethodAccessorImpl.java:77)
	at java.base/jdk.internal.reflect.DelegatingMethodAccessorImpl.invoke(DelegatingMethodAccessorImpl.java:43)
	at java.base/java.lang.reflect.Method.invoke(Method.java:568)
	at org.testng.internal.MethodInvocationHelper.invokeMethod(MethodInvocationHelper.java:134)
	at org.testng.internal.TestInvoker.invokeMethod(TestInvoker.java:597)
	at org.testng.internal.TestInvoker.invokeTestMethod(TestInvoker.java:173)
	at org.testng.internal.MethodRunner.runInSequence(MethodRunner.java:46)
	at org.testng.internal.TestInvoker$MethodInvocationAgent.invoke(TestInvoker.java:816)
	at org.testng.internal.TestInvoker.invokeTestMethods(TestInvoker.java:146)
	at org.testng.internal.TestMethodWorker.invokeTestMethods(TestMethodWorker.java:146)
	at org.testng.internal.TestMethodWorker.run(TestMethodWorker.java:128)
	at java.base/java.util.concurrent.ThreadPoolExecutor.runWorker(ThreadPoolExecutor.java:1136)
	at java.base/java.util.concurrent.ThreadPoolExecutor$Worker.run(ThreadPoolExecutor.java:635)
	at java.base/java.lang.Thread.run(Thread.java:833)
</pre></div></td>
<td>0</td>
<td>com.simplogics.testcases.CreateJewelleryInvoice@37ddb69a</td></tr>
<tr>
<td title='com.simplogics.testcases.ExcelUploadBulk.ExceluploadBulkAndItemization()'><b>ExceluploadBulkAndItemization</b><br>Test class: com.simplogics.testcases.ExcelUploadBulk<br>Parameters: {Config=1, runmode=Y, Version=1, EXCELNAME=Bulk_Details_Gold.xlsx, Model=4323}</td>
<td><div><pre>org.testng.SkipException: Skipping the test EXCELUPLOADBULKANDITEMIZATIONas the Run mode is NO
	at com.simplogics.testcases.ExcelUploadBulk.ExceluploadBulkAndItemization(ExcelUploadBulk.java:20)
	at java.base/java.util.concurrent.ThreadPoolExecutor.runWorker(ThreadPoolExecutor.java:1136)
	at java.base/java.util.concurrent.ThreadPoolExecutor$Worker.run(ThreadPoolExecutor.java:635)
	at java.base/java.lang.Thread.run(Thread.java:833)
... Removed 12 stack frames</pre></div><a href='#' onClick='toggleBox("stack-trace586200492", this, "Click to show all stack frames", "Click to hide stack frames")'>Click to show all stack frames</a>
<div class='stack-trace' id='stack-trace586200492'><pre>org.testng.SkipException: Skipping the test EXCELUPLOADBULKANDITEMIZATIONas the Run mode is NO
	at com.simplogics.testcases.ExcelUploadBulk.ExceluploadBulkAndItemization(ExcelUploadBulk.java:20)
	at java.base/jdk.internal.reflect.NativeMethodAccessorImpl.invoke0(Native Method)
	at java.base/jdk.internal.reflect.NativeMethodAccessorImpl.invoke(NativeMethodAccessorImpl.java:77)
	at java.base/jdk.internal.reflect.DelegatingMethodAccessorImpl.invoke(DelegatingMethodAccessorImpl.java:43)
	at java.base/java.lang.reflect.Method.invoke(Method.java:568)
	at org.testng.internal.MethodInvocationHelper.invokeMethod(MethodInvocationHelper.java:134)
	at org.testng.internal.TestInvoker.invokeMethod(TestInvoker.java:597)
	at org.testng.internal.TestInvoker.invokeTestMethod(TestInvoker.java:173)
	at org.testng.internal.MethodRunner.runInSequence(MethodRunner.java:46)
	at org.testng.internal.TestInvoker$MethodInvocationAgent.invoke(TestInvoker.java:816)
	at org.testng.internal.TestInvoker.invokeTestMethods(TestInvoker.java:146)
	at org.testng.internal.TestMethodWorker.invokeTestMethods(TestMethodWorker.java:146)
	at org.testng.internal.TestMethodWorker.run(TestMethodWorker.java:128)
	at java.base/java.util.concurrent.ThreadPoolExecutor.runWorker(ThreadPoolExecutor.java:1136)
	at java.base/java.util.concurrent.ThreadPoolExecutor$Worker.run(ThreadPoolExecutor.java:635)
	at java.base/java.lang.Thread.run(Thread.java:833)
</pre></div></td>
<td>0</td>
<td>com.simplogics.testcases.ExcelUploadBulk@246f8b8b</td></tr>
<tr>
<td title='com.simplogics.testcases.ExcelUploadBulk.ExceluploadBulkAndItemization()'><b>ExceluploadBulkAndItemization</b><br>Test class: com.simplogics.testcases.ExcelUploadBulk<br>Parameters: {Config=3, runmode=N, Version=13, EXCELNAME=Bulk_Details_Jewellery.xlsx, Model=13239}</td>
<td><div><pre>org.testng.SkipException: Skipping the test EXCELUPLOADBULKANDITEMIZATIONas the Run mode is NO
	at com.simplogics.testcases.ExcelUploadBulk.ExceluploadBulkAndItemization(ExcelUploadBulk.java:20)
	at java.base/java.util.concurrent.ThreadPoolExecutor.runWorker(ThreadPoolExecutor.java:1136)
	at java.base/java.util.concurrent.ThreadPoolExecutor$Worker.run(ThreadPoolExecutor.java:635)
	at java.base/java.lang.Thread.run(Thread.java:833)
... Removed 12 stack frames</pre></div><a href='#' onClick='toggleBox("stack-trace1743925142", this, "Click to show all stack frames", "Click to hide stack frames")'>Click to show all stack frames</a>
<div class='stack-trace' id='stack-trace1743925142'><pre>org.testng.SkipException: Skipping the test EXCELUPLOADBULKANDITEMIZATIONas the Run mode is NO
	at com.simplogics.testcases.ExcelUploadBulk.ExceluploadBulkAndItemization(ExcelUploadBulk.java:20)
	at java.base/jdk.internal.reflect.NativeMethodAccessorImpl.invoke0(Native Method)
	at java.base/jdk.internal.reflect.NativeMethodAccessorImpl.invoke(NativeMethodAccessorImpl.java:77)
	at java.base/jdk.internal.reflect.DelegatingMethodAccessorImpl.invoke(DelegatingMethodAccessorImpl.java:43)
	at java.base/java.lang.reflect.Method.invoke(Method.java:568)
	at org.testng.internal.MethodInvocationHelper.invokeMethod(MethodInvocationHelper.java:134)
	at org.testng.internal.TestInvoker.invokeMethod(TestInvoker.java:597)
	at org.testng.internal.TestInvoker.invokeTestMethod(TestInvoker.java:173)
	at org.testng.internal.MethodRunner.runInSequence(MethodRunner.java:46)
	at org.testng.internal.TestInvoker$MethodInvocationAgent.invoke(TestInvoker.java:816)
	at org.testng.internal.TestInvoker.invokeTestMethods(TestInvoker.java:146)
	at org.testng.internal.TestMethodWorker.invokeTestMethods(TestMethodWorker.java:146)
	at org.testng.internal.TestMethodWorker.run(TestMethodWorker.java:128)
	at java.base/java.util.concurrent.ThreadPoolExecutor.runWorker(ThreadPoolExecutor.java:1136)
	at java.base/java.util.concurrent.ThreadPoolExecutor$Worker.run(ThreadPoolExecutor.java:635)
	at java.base/java.lang.Thread.run(Thread.java:833)
</pre></div></td>
<td>0</td>
<td>com.simplogics.testcases.ExcelUploadBulk@246f8b8b</td></tr>
<tr>
<td title='com.simplogics.testcases.Itemization.ItemizationGoldInvoice()'><b>ItemizationGoldInvoice</b><br>Test class: com.simplogics.testcases.Itemization<br>Parameters: {WMSP=100, WMSP3=75, WMSP2=110, UnitWt3=10, UnitWt2=10, runmode=Y, UnitWt=10.0}</td>
<td><div><pre>org.testng.SkipException: Skipping the test ITEMIZATIONGOLDINVOICEas the Run mode is NO
	at com.simplogics.testcases.Itemization.ItemizationGoldInvoice(Itemization.java:19)
	at java.base/java.util.concurrent.ThreadPoolExecutor.runWorker(ThreadPoolExecutor.java:1136)
	at java.base/java.util.concurrent.ThreadPoolExecutor$Worker.run(ThreadPoolExecutor.java:635)
	at java.base/java.lang.Thread.run(Thread.java:833)
... Removed 12 stack frames</pre></div><a href='#' onClick='toggleBox("stack-trace1632598341", this, "Click to show all stack frames", "Click to hide stack frames")'>Click to show all stack frames</a>
<div class='stack-trace' id='stack-trace1632598341'><pre>org.testng.SkipException: Skipping the test ITEMIZATIONGOLDINVOICEas the Run mode is NO
	at com.simplogics.testcases.Itemization.ItemizationGoldInvoice(Itemization.java:19)
	at java.base/jdk.internal.reflect.NativeMethodAccessorImpl.invoke0(Native Method)
	at java.base/jdk.internal.reflect.NativeMethodAccessorImpl.invoke(NativeMethodAccessorImpl.java:77)
	at java.base/jdk.internal.reflect.DelegatingMethodAccessorImpl.invoke(DelegatingMethodAccessorImpl.java:43)
	at java.base/java.lang.reflect.Method.invoke(Method.java:568)
	at org.testng.internal.MethodInvocationHelper.invokeMethod(MethodInvocationHelper.java:134)
	at org.testng.internal.TestInvoker.invokeMethod(TestInvoker.java:597)
	at org.testng.internal.TestInvoker.invokeTestMethod(TestInvoker.java:173)
	at org.testng.internal.MethodRunner.runInSequence(MethodRunner.java:46)
	at org.testng.internal.TestInvoker$MethodInvocationAgent.invoke(TestInvoker.java:816)
	at org.testng.internal.TestInvoker.invokeTestMethods(TestInvoker.java:146)
	at org.testng.internal.TestMethodWorker.invokeTestMethods(TestMethodWorker.java:146)
	at org.testng.internal.TestMethodWorker.run(TestMethodWorker.java:128)
	at java.base/java.util.concurrent.ThreadPoolExecutor.runWorker(ThreadPoolExecutor.java:1136)
	at java.base/java.util.concurrent.ThreadPoolExecutor$Worker.run(ThreadPoolExecutor.java:635)
	at java.base/java.lang.Thread.run(Thread.java:833)
</pre></div></td>
<td>0</td>
<td>com.simplogics.testcases.Itemization@4795ded0</td></tr>
<tr>
<td title='com.simplogics.testcases.ItemizationInvoiceJewellery.ItemizationinvoiceJewellery()'><b>ItemizationinvoiceJewellery</b><br>Test class: com.simplogics.testcases.ItemizationInvoiceJewellery<br>Parameters: {Sellprice=20, Suppliercost=1020, runmode=Y, UnitWt=10.0}</td>
<td><div><pre>org.testng.SkipException: Skipping the test ITEMIZATIONINVOICEJEWELLERYas the Run mode is NO
	at com.simplogics.testcases.ItemizationInvoiceJewellery.ItemizationinvoiceJewellery(ItemizationInvoiceJewellery.java:20)
	at java.base/java.util.concurrent.ThreadPoolExecutor.runWorker(ThreadPoolExecutor.java:1136)
	at java.base/java.util.concurrent.ThreadPoolExecutor$Worker.run(ThreadPoolExecutor.java:635)
	at java.base/java.lang.Thread.run(Thread.java:833)
... Removed 12 stack frames</pre></div><a href='#' onClick='toggleBox("stack-trace1052709561", this, "Click to show all stack frames", "Click to hide stack frames")'>Click to show all stack frames</a>
<div class='stack-trace' id='stack-trace1052709561'><pre>org.testng.SkipException: Skipping the test ITEMIZATIONINVOICEJEWELLERYas the Run mode is NO
	at com.simplogics.testcases.ItemizationInvoiceJewellery.ItemizationinvoiceJewellery(ItemizationInvoiceJewellery.java:20)
	at java.base/jdk.internal.reflect.NativeMethodAccessorImpl.invoke0(Native Method)
	at java.base/jdk.internal.reflect.NativeMethodAccessorImpl.invoke(NativeMethodAccessorImpl.java:77)
	at java.base/jdk.internal.reflect.DelegatingMethodAccessorImpl.invoke(DelegatingMethodAccessorImpl.java:43)
	at java.base/java.lang.reflect.Method.invoke(Method.java:568)
	at org.testng.internal.MethodInvocationHelper.invokeMethod(MethodInvocationHelper.java:134)
	at org.testng.internal.TestInvoker.invokeMethod(TestInvoker.java:597)
	at org.testng.internal.TestInvoker.invokeTestMethod(TestInvoker.java:173)
	at org.testng.internal.MethodRunner.runInSequence(MethodRunner.java:46)
	at org.testng.internal.TestInvoker$MethodInvocationAgent.invoke(TestInvoker.java:816)
	at org.testng.internal.TestInvoker.invokeTestMethods(TestInvoker.java:146)
	at org.testng.internal.TestMethodWorker.invokeTestMethods(TestMethodWorker.java:146)
	at org.testng.internal.TestMethodWorker.run(TestMethodWorker.java:128)
	at java.base/java.util.concurrent.ThreadPoolExecutor.runWorker(ThreadPoolExecutor.java:1136)
	at java.base/java.util.concurrent.ThreadPoolExecutor$Worker.run(ThreadPoolExecutor.java:635)
	at java.base/java.lang.Thread.run(Thread.java:833)
</pre></div></td>
<td>0</td>
<td>com.simplogics.testcases.ItemizationInvoiceJewellery@19553973</td></tr>
<tr>
<td title='com.simplogics.testcases.TransferDetailsPopup.RetailtransferDetailsPopup()'><b>RetailtransferDetailsPopup</b><br>Test class: com.simplogics.testcases.TransferDetailsPopup<br>Parameters: {PIC=GH, Itemno=8638679, Outlet=[GAM] GH AMK Hub}</td>
<td><div><pre>org.testng.SkipException: Skipping the test RETAILTRANSFERDETAILSPOPUPas the Run mode is NO
	at com.simplogics.testcases.TransferDetailsPopup.RetailtransferDetailsPopup(TransferDetailsPopup.java:19)
	at java.base/java.util.concurrent.ThreadPoolExecutor.runWorker(ThreadPoolExecutor.java:1136)
	at java.base/java.util.concurrent.ThreadPoolExecutor$Worker.run(ThreadPoolExecutor.java:635)
	at java.base/java.lang.Thread.run(Thread.java:833)
... Removed 12 stack frames</pre></div><a href='#' onClick='toggleBox("stack-trace1249098414", this, "Click to show all stack frames", "Click to hide stack frames")'>Click to show all stack frames</a>
<div class='stack-trace' id='stack-trace1249098414'><pre>org.testng.SkipException: Skipping the test RETAILTRANSFERDETAILSPOPUPas the Run mode is NO
	at com.simplogics.testcases.TransferDetailsPopup.RetailtransferDetailsPopup(TransferDetailsPopup.java:19)
	at java.base/jdk.internal.reflect.NativeMethodAccessorImpl.invoke0(Native Method)
	at java.base/jdk.internal.reflect.NativeMethodAccessorImpl.invoke(NativeMethodAccessorImpl.java:77)
	at java.base/jdk.internal.reflect.DelegatingMethodAccessorImpl.invoke(DelegatingMethodAccessorImpl.java:43)
	at java.base/java.lang.reflect.Method.invoke(Method.java:568)
	at org.testng.internal.MethodInvocationHelper.invokeMethod(MethodInvocationHelper.java:134)
	at org.testng.internal.TestInvoker.invokeMethod(TestInvoker.java:597)
	at org.testng.internal.TestInvoker.invokeTestMethod(TestInvoker.java:173)
	at org.testng.internal.MethodRunner.runInSequence(MethodRunner.java:46)
	at org.testng.internal.TestInvoker$MethodInvocationAgent.invoke(TestInvoker.java:816)
	at org.testng.internal.TestInvoker.invokeTestMethods(TestInvoker.java:146)
	at org.testng.internal.TestMethodWorker.invokeTestMethods(TestMethodWorker.java:146)
	at org.testng.internal.TestMethodWorker.run(TestMethodWorker.java:128)
	at java.base/java.util.concurrent.ThreadPoolExecutor.runWorker(ThreadPoolExecutor.java:1136)
	at java.base/java.util.concurrent.ThreadPoolExecutor$Worker.run(ThreadPoolExecutor.java:635)
	at java.base/java.lang.Thread.run(Thread.java:833)
</pre></div></td>
<td>0</td>
<td>com.simplogics.testcases.TransferDetailsPopup@4189d70b</td></tr>
<tr>
<td title='com.simplogics.testcases.SaveInvoiceDetails.SaveinvoiceDetails()'><b>SaveinvoiceDetails</b><br>Test class: com.simplogics.testcases.SaveInvoiceDetails</td>
<td><div><pre>org.testng.SkipException: Skipping the test SAVEINVOICEDETAILSas the Run mode is NO
	at com.simplogics.testcases.SaveInvoiceDetails.SaveinvoiceDetails(SaveInvoiceDetails.java:15)
	at java.base/java.util.concurrent.ThreadPoolExecutor.runWorker(ThreadPoolExecutor.java:1136)
	at java.base/java.util.concurrent.ThreadPoolExecutor$Worker.run(ThreadPoolExecutor.java:635)
	at java.base/java.lang.Thread.run(Thread.java:833)
... Removed 12 stack frames</pre></div><a href='#' onClick='toggleBox("stack-trace1312214618", this, "Click to show all stack frames", "Click to hide stack frames")'>Click to show all stack frames</a>
<div class='stack-trace' id='stack-trace1312214618'><pre>org.testng.SkipException: Skipping the test SAVEINVOICEDETAILSas the Run mode is NO
	at com.simplogics.testcases.SaveInvoiceDetails.SaveinvoiceDetails(SaveInvoiceDetails.java:15)
	at java.base/jdk.internal.reflect.NativeMethodAccessorImpl.invoke0(Native Method)
	at java.base/jdk.internal.reflect.NativeMethodAccessorImpl.invoke(NativeMethodAccessorImpl.java:77)
	at java.base/jdk.internal.reflect.DelegatingMethodAccessorImpl.invoke(DelegatingMethodAccessorImpl.java:43)
	at java.base/java.lang.reflect.Method.invoke(Method.java:568)
	at org.testng.internal.MethodInvocationHelper.invokeMethod(MethodInvocationHelper.java:134)
	at org.testng.internal.TestInvoker.invokeMethod(TestInvoker.java:597)
	at org.testng.internal.TestInvoker.invokeTestMethod(TestInvoker.java:173)
	at org.testng.internal.MethodRunner.runInSequence(MethodRunner.java:46)
	at org.testng.internal.TestInvoker$MethodInvocationAgent.invoke(TestInvoker.java:816)
	at org.testng.internal.TestInvoker.invokeTestMethods(TestInvoker.java:146)
	at org.testng.internal.TestMethodWorker.invokeTestMethods(TestMethodWorker.java:146)
	at org.testng.internal.TestMethodWorker.run(TestMethodWorker.java:128)
	at java.base/java.util.concurrent.ThreadPoolExecutor.runWorker(ThreadPoolExecutor.java:1136)
	at java.base/java.util.concurrent.ThreadPoolExecutor$Worker.run(ThreadPoolExecutor.java:635)
	at java.base/java.lang.Thread.run(Thread.java:833)
</pre></div></td>
<td>0</td>
<td>com.simplogics.testcases.SaveInvoiceDetails@2f05be7f</td></tr>
<tr>
<td title='com.simplogics.testcases.ActionManagement.actionManagement()'><b>actionManagement</b><br>Test class: com.simplogics.testcases.ActionManagement</td>
<td><div><pre>org.testng.SkipException: Skipping the test ACTIONMANAGEMENTas the Run mode is NO
	at com.simplogics.testcases.ActionManagement.actionManagement(ActionManagement.java:15)
	at java.base/java.util.concurrent.ThreadPoolExecutor.runWorker(ThreadPoolExecutor.java:1136)
	at java.base/java.util.concurrent.ThreadPoolExecutor$Worker.run(ThreadPoolExecutor.java:635)
	at java.base/java.lang.Thread.run(Thread.java:833)
... Removed 12 stack frames</pre></div><a href='#' onClick='toggleBox("stack-trace2072009303", this, "Click to show all stack frames", "Click to hide stack frames")'>Click to show all stack frames</a>
<div class='stack-trace' id='stack-trace2072009303'><pre>org.testng.SkipException: Skipping the test ACTIONMANAGEMENTas the Run mode is NO
	at com.simplogics.testcases.ActionManagement.actionManagement(ActionManagement.java:15)
	at java.base/jdk.internal.reflect.NativeMethodAccessorImpl.invoke0(Native Method)
	at java.base/jdk.internal.reflect.NativeMethodAccessorImpl.invoke(NativeMethodAccessorImpl.java:77)
	at java.base/jdk.internal.reflect.DelegatingMethodAccessorImpl.invoke(DelegatingMethodAccessorImpl.java:43)
	at java.base/java.lang.reflect.Method.invoke(Method.java:568)
	at org.testng.internal.MethodInvocationHelper.invokeMethod(MethodInvocationHelper.java:134)
	at org.testng.internal.TestInvoker.invokeMethod(TestInvoker.java:597)
	at org.testng.internal.TestInvoker.invokeTestMethod(TestInvoker.java:173)
	at org.testng.internal.MethodRunner.runInSequence(MethodRunner.java:46)
	at org.testng.internal.TestInvoker$MethodInvocationAgent.invoke(TestInvoker.java:816)
	at org.testng.internal.TestInvoker.invokeTestMethods(TestInvoker.java:146)
	at org.testng.internal.TestMethodWorker.invokeTestMethods(TestMethodWorker.java:146)
	at org.testng.internal.TestMethodWorker.run(TestMethodWorker.java:128)
	at java.base/java.util.concurrent.ThreadPoolExecutor.runWorker(ThreadPoolExecutor.java:1136)
	at java.base/java.util.concurrent.ThreadPoolExecutor$Worker.run(ThreadPoolExecutor.java:635)
	at java.base/java.lang.Thread.run(Thread.java:833)
</pre></div></td>
<td>0</td>
<td>com.simplogics.testcases.ActionManagement@d8305c2</td></tr>
<tr>
<td title='com.simplogics.testcases.AddAllDetailsBulk.addAllDetailsBulk()'><b>addAllDetailsBulk</b><br>Test class: com.simplogics.testcases.AddAllDetailsBulk</td>
<td><div><pre>org.testng.SkipException: Skipping the test ADDALLDETAILSBULKas the Run mode is NO
	at com.simplogics.testcases.AddAllDetailsBulk.addAllDetailsBulk(AddAllDetailsBulk.java:21)
	at java.base/java.util.concurrent.ThreadPoolExecutor.runWorker(ThreadPoolExecutor.java:1136)
	at java.base/java.util.concurrent.ThreadPoolExecutor$Worker.run(ThreadPoolExecutor.java:635)
	at java.base/java.lang.Thread.run(Thread.java:833)
... Removed 12 stack frames</pre></div><a href='#' onClick='toggleBox("stack-trace1317626677", this, "Click to show all stack frames", "Click to hide stack frames")'>Click to show all stack frames</a>
<div class='stack-trace' id='stack-trace1317626677'><pre>org.testng.SkipException: Skipping the test ADDALLDETAILSBULKas the Run mode is NO
	at com.simplogics.testcases.AddAllDetailsBulk.addAllDetailsBulk(AddAllDetailsBulk.java:21)
	at java.base/jdk.internal.reflect.NativeMethodAccessorImpl.invoke0(Native Method)
	at java.base/jdk.internal.reflect.NativeMethodAccessorImpl.invoke(NativeMethodAccessorImpl.java:77)
	at java.base/jdk.internal.reflect.DelegatingMethodAccessorImpl.invoke(DelegatingMethodAccessorImpl.java:43)
	at java.base/java.lang.reflect.Method.invoke(Method.java:568)
	at org.testng.internal.MethodInvocationHelper.invokeMethod(MethodInvocationHelper.java:134)
	at org.testng.internal.TestInvoker.invokeMethod(TestInvoker.java:597)
	at org.testng.internal.TestInvoker.invokeTestMethod(TestInvoker.java:173)
	at org.testng.internal.MethodRunner.runInSequence(MethodRunner.java:46)
	at org.testng.internal.TestInvoker$MethodInvocationAgent.invoke(TestInvoker.java:816)
	at org.testng.internal.TestInvoker.invokeTestMethods(TestInvoker.java:146)
	at org.testng.internal.TestMethodWorker.invokeTestMethods(TestMethodWorker.java:146)
	at org.testng.internal.TestMethodWorker.run(TestMethodWorker.java:128)
	at java.base/java.util.concurrent.ThreadPoolExecutor.runWorker(ThreadPoolExecutor.java:1136)
	at java.base/java.util.concurrent.ThreadPoolExecutor$Worker.run(ThreadPoolExecutor.java:635)
	at java.base/java.lang.Thread.run(Thread.java:833)
</pre></div></td>
<td>0</td>
<td>com.simplogics.testcases.AddAllDetailsBulk@435fb7b5</td></tr>
<tr>
<td title='com.simplogics.testcases.BulkGenerationAndInternalTransfer.bulkGenerationAndInternalTransfer()'><b>bulkGenerationAndInternalTransfer</b><br>Test class: com.simplogics.testcases.BulkGenerationAndInternalTransfer</td>
<td><div><pre>org.testng.SkipException: Skipping the test BULKGENERATIONANDINTERNALTRANSFERas the Run mode is NO
	at com.simplogics.testcases.BulkGenerationAndInternalTransfer.bulkGenerationAndInternalTransfer(BulkGenerationAndInternalTransfer.java:17)
	at java.base/java.util.concurrent.ThreadPoolExecutor.runWorker(ThreadPoolExecutor.java:1136)
	at java.base/java.util.concurrent.ThreadPoolExecutor$Worker.run(ThreadPoolExecutor.java:635)
	at java.base/java.lang.Thread.run(Thread.java:833)
... Removed 12 stack frames</pre></div><a href='#' onClick='toggleBox("stack-trace1302488866", this, "Click to show all stack frames", "Click to hide stack frames")'>Click to show all stack frames</a>
<div class='stack-trace' id='stack-trace1302488866'><pre>org.testng.SkipException: Skipping the test BULKGENERATIONANDINTERNALTRANSFERas the Run mode is NO
	at com.simplogics.testcases.BulkGenerationAndInternalTransfer.bulkGenerationAndInternalTransfer(BulkGenerationAndInternalTransfer.java:17)
	at java.base/jdk.internal.reflect.NativeMethodAccessorImpl.invoke0(Native Method)
	at java.base/jdk.internal.reflect.NativeMethodAccessorImpl.invoke(NativeMethodAccessorImpl.java:77)
	at java.base/jdk.internal.reflect.DelegatingMethodAccessorImpl.invoke(DelegatingMethodAccessorImpl.java:43)
	at java.base/java.lang.reflect.Method.invoke(Method.java:568)
	at org.testng.internal.MethodInvocationHelper.invokeMethod(MethodInvocationHelper.java:134)
	at org.testng.internal.TestInvoker.invokeMethod(TestInvoker.java:597)
	at org.testng.internal.TestInvoker.invokeTestMethod(TestInvoker.java:173)
	at org.testng.internal.MethodRunner.runInSequence(MethodRunner.java:46)
	at org.testng.internal.TestInvoker$MethodInvocationAgent.invoke(TestInvoker.java:816)
	at org.testng.internal.TestInvoker.invokeTestMethods(TestInvoker.java:146)
	at org.testng.internal.TestMethodWorker.invokeTestMethods(TestMethodWorker.java:146)
	at org.testng.internal.TestMethodWorker.run(TestMethodWorker.java:128)
	at java.base/java.util.concurrent.ThreadPoolExecutor.runWorker(ThreadPoolExecutor.java:1136)
	at java.base/java.util.concurrent.ThreadPoolExecutor$Worker.run(ThreadPoolExecutor.java:635)
	at java.base/java.lang.Thread.run(Thread.java:833)
</pre></div></td>
<td>0</td>
<td>com.simplogics.testcases.BulkGenerationAndInternalTransfer@5c00384f</td></tr>
<tr>
<td title='com.simplogics.testcases.BulkinPopup.bulkinPopup()'><b>bulkinPopup</b><br>Test class: com.simplogics.testcases.BulkinPopup</td>
<td><div><pre>org.testng.SkipException: Skipping the test BULKINPOPUPas the Run mode is NO
	at com.simplogics.testcases.BulkinPopup.bulkinPopup(BulkinPopup.java:14)
	at java.base/java.util.concurrent.ThreadPoolExecutor.runWorker(ThreadPoolExecutor.java:1136)
	at java.base/java.util.concurrent.ThreadPoolExecutor$Worker.run(ThreadPoolExecutor.java:635)
	at java.base/java.lang.Thread.run(Thread.java:833)
... Removed 12 stack frames</pre></div><a href='#' onClick='toggleBox("stack-trace1322438027", this, "Click to show all stack frames", "Click to hide stack frames")'>Click to show all stack frames</a>
<div class='stack-trace' id='stack-trace1322438027'><pre>org.testng.SkipException: Skipping the test BULKINPOPUPas the Run mode is NO
	at com.simplogics.testcases.BulkinPopup.bulkinPopup(BulkinPopup.java:14)
	at java.base/jdk.internal.reflect.NativeMethodAccessorImpl.invoke0(Native Method)
	at java.base/jdk.internal.reflect.NativeMethodAccessorImpl.invoke(NativeMethodAccessorImpl.java:77)
	at java.base/jdk.internal.reflect.DelegatingMethodAccessorImpl.invoke(DelegatingMethodAccessorImpl.java:43)
	at java.base/java.lang.reflect.Method.invoke(Method.java:568)
	at org.testng.internal.MethodInvocationHelper.invokeMethod(MethodInvocationHelper.java:134)
	at org.testng.internal.TestInvoker.invokeMethod(TestInvoker.java:597)
	at org.testng.internal.TestInvoker.invokeTestMethod(TestInvoker.java:173)
	at org.testng.internal.MethodRunner.runInSequence(MethodRunner.java:46)
	at org.testng.internal.TestInvoker$MethodInvocationAgent.invoke(TestInvoker.java:816)
	at org.testng.internal.TestInvoker.invokeTestMethods(TestInvoker.java:146)
	at org.testng.internal.TestMethodWorker.invokeTestMethods(TestMethodWorker.java:146)
	at org.testng.internal.TestMethodWorker.run(TestMethodWorker.java:128)
	at java.base/java.util.concurrent.ThreadPoolExecutor.runWorker(ThreadPoolExecutor.java:1136)
	at java.base/java.util.concurrent.ThreadPoolExecutor$Worker.run(ThreadPoolExecutor.java:635)
	at java.base/java.lang.Thread.run(Thread.java:833)
</pre></div></td>
<td>0</td>
<td>com.simplogics.testcases.BulkinPopup@54d18072</td></tr>
<tr>
<td title='com.simplogics.testcases.BulkthisInvoice.bulkthisInvoice()'><b>bulkthisInvoice</b><br>Test class: com.simplogics.testcases.BulkthisInvoice</td>
<td><div><pre>org.testng.SkipException: Skipping the test BULKTHISINVOICEas the Run mode is NO
	at com.simplogics.testcases.BulkthisInvoice.bulkthisInvoice(BulkthisInvoice.java:15)
	at java.base/java.util.concurrent.ThreadPoolExecutor.runWorker(ThreadPoolExecutor.java:1136)
	at java.base/java.util.concurrent.ThreadPoolExecutor$Worker.run(ThreadPoolExecutor.java:635)
	at java.base/java.lang.Thread.run(Thread.java:833)
... Removed 12 stack frames</pre></div><a href='#' onClick='toggleBox("stack-trace2027750030", this, "Click to show all stack frames", "Click to hide stack frames")'>Click to show all stack frames</a>
<div class='stack-trace' id='stack-trace2027750030'><pre>org.testng.SkipException: Skipping the test BULKTHISINVOICEas the Run mode is NO
	at com.simplogics.testcases.BulkthisInvoice.bulkthisInvoice(BulkthisInvoice.java:15)
	at java.base/jdk.internal.reflect.NativeMethodAccessorImpl.invoke0(Native Method)
	at java.base/jdk.internal.reflect.NativeMethodAccessorImpl.invoke(NativeMethodAccessorImpl.java:77)
	at java.base/jdk.internal.reflect.DelegatingMethodAccessorImpl.invoke(DelegatingMethodAccessorImpl.java:43)
	at java.base/java.lang.reflect.Method.invoke(Method.java:568)
	at org.testng.internal.MethodInvocationHelper.invokeMethod(MethodInvocationHelper.java:134)
	at org.testng.internal.TestInvoker.invokeMethod(TestInvoker.java:597)
	at org.testng.internal.TestInvoker.invokeTestMethod(TestInvoker.java:173)
	at org.testng.internal.MethodRunner.runInSequence(MethodRunner.java:46)
	at org.testng.internal.TestInvoker$MethodInvocationAgent.invoke(TestInvoker.java:816)
	at org.testng.internal.TestInvoker.invokeTestMethods(TestInvoker.java:146)
	at org.testng.internal.TestMethodWorker.invokeTestMethods(TestMethodWorker.java:146)
	at org.testng.internal.TestMethodWorker.run(TestMethodWorker.java:128)
	at java.base/java.util.concurrent.ThreadPoolExecutor.runWorker(ThreadPoolExecutor.java:1136)
	at java.base/java.util.concurrent.ThreadPoolExecutor$Worker.run(ThreadPoolExecutor.java:635)
	at java.base/java.lang.Thread.run(Thread.java:833)
</pre></div></td>
<td>0</td>
<td>com.simplogics.testcases.BulkthisInvoice@63fdab07</td></tr>
<tr>
<td title='com.simplogics.testcases.CreateGoldBulkManual.createGoldBulkManual()'><b>createGoldBulkManual</b><br>Test class: com.simplogics.testcases.CreateGoldBulkManual<br>Parameters: {GoldLoss=2.5, TotalQty=12, DocRefNo=SLM-TE136, WMCP=1200, ExchangeRate=4, PONo=SLM6, GoldCost=4800, TotalWeight=600, Sellby=Piece, billingSupCountry=Singapore, primarySupCountry=Singapore}</td>
<td><div><pre>org.testng.SkipException: Skipping the test CREATEGOLDBULKMANUALas the Run mode is NO
	at com.simplogics.testcases.CreateGoldBulkManual.createGoldBulkManual(CreateGoldBulkManual.java:20)
	at java.base/java.util.concurrent.ThreadPoolExecutor.runWorker(ThreadPoolExecutor.java:1136)
	at java.base/java.util.concurrent.ThreadPoolExecutor$Worker.run(ThreadPoolExecutor.java:635)
	at java.base/java.lang.Thread.run(Thread.java:833)
... Removed 12 stack frames</pre></div><a href='#' onClick='toggleBox("stack-trace351081927", this, "Click to show all stack frames", "Click to hide stack frames")'>Click to show all stack frames</a>
<div class='stack-trace' id='stack-trace351081927'><pre>org.testng.SkipException: Skipping the test CREATEGOLDBULKMANUALas the Run mode is NO
	at com.simplogics.testcases.CreateGoldBulkManual.createGoldBulkManual(CreateGoldBulkManual.java:20)
	at java.base/jdk.internal.reflect.NativeMethodAccessorImpl.invoke0(Native Method)
	at java.base/jdk.internal.reflect.NativeMethodAccessorImpl.invoke(NativeMethodAccessorImpl.java:77)
	at java.base/jdk.internal.reflect.DelegatingMethodAccessorImpl.invoke(DelegatingMethodAccessorImpl.java:43)
	at java.base/java.lang.reflect.Method.invoke(Method.java:568)
	at org.testng.internal.MethodInvocationHelper.invokeMethod(MethodInvocationHelper.java:134)
	at org.testng.internal.TestInvoker.invokeMethod(TestInvoker.java:597)
	at org.testng.internal.TestInvoker.invokeTestMethod(TestInvoker.java:173)
	at org.testng.internal.MethodRunner.runInSequence(MethodRunner.java:46)
	at org.testng.internal.TestInvoker$MethodInvocationAgent.invoke(TestInvoker.java:816)
	at org.testng.internal.TestInvoker.invokeTestMethods(TestInvoker.java:146)
	at org.testng.internal.TestMethodWorker.invokeTestMethods(TestMethodWorker.java:146)
	at org.testng.internal.TestMethodWorker.run(TestMethodWorker.java:128)
	at java.base/java.util.concurrent.ThreadPoolExecutor.runWorker(ThreadPoolExecutor.java:1136)
	at java.base/java.util.concurrent.ThreadPoolExecutor$Worker.run(ThreadPoolExecutor.java:635)
	at java.base/java.lang.Thread.run(Thread.java:833)
</pre></div></td>
<td>0</td>
<td>com.simplogics.testcases.CreateGoldBulkManual@5c18016b</td></tr>
<tr>
<td title='com.simplogics.testcases.CreateGoldInvoice.createGoldInvoice()'><b>createGoldInvoice</b><br>Test class: com.simplogics.testcases.CreateGoldInvoice<br>Parameters: {WMCP=500, PrimarysupplierSarchbox=A'S JEWELRY, billingsupplierSarchbox=AMTC, TotalQtytextfield=25, runmode=Y, DocReftextfield=SLS_6061, totalgold=25000, billingSupCountry=Singapore, TotalWttextfield=250, primarySupCountry=Singapore, goldloss=2.5}</td>
<td><div><pre>org.testng.SkipException: Skipping the test CREATEGOLDINVOICEas the Run mode is NO
	at com.simplogics.testcases.CreateGoldInvoice.createGoldInvoice(CreateGoldInvoice.java:26)
	at java.base/java.util.concurrent.ThreadPoolExecutor.runWorker(ThreadPoolExecutor.java:1136)
	at java.base/java.util.concurrent.ThreadPoolExecutor$Worker.run(ThreadPoolExecutor.java:635)
	at java.base/java.lang.Thread.run(Thread.java:833)
... Removed 12 stack frames</pre></div><a href='#' onClick='toggleBox("stack-trace1579196273", this, "Click to show all stack frames", "Click to hide stack frames")'>Click to show all stack frames</a>
<div class='stack-trace' id='stack-trace1579196273'><pre>org.testng.SkipException: Skipping the test CREATEGOLDINVOICEas the Run mode is NO
	at com.simplogics.testcases.CreateGoldInvoice.createGoldInvoice(CreateGoldInvoice.java:26)
	at java.base/jdk.internal.reflect.NativeMethodAccessorImpl.invoke0(Native Method)
	at java.base/jdk.internal.reflect.NativeMethodAccessorImpl.invoke(NativeMethodAccessorImpl.java:77)
	at java.base/jdk.internal.reflect.DelegatingMethodAccessorImpl.invoke(DelegatingMethodAccessorImpl.java:43)
	at java.base/java.lang.reflect.Method.invoke(Method.java:568)
	at org.testng.internal.MethodInvocationHelper.invokeMethod(MethodInvocationHelper.java:134)
	at org.testng.internal.TestInvoker.invokeMethod(TestInvoker.java:597)
	at org.testng.internal.TestInvoker.invokeTestMethod(TestInvoker.java:173)
	at org.testng.internal.MethodRunner.runInSequence(MethodRunner.java:46)
	at org.testng.internal.TestInvoker$MethodInvocationAgent.invoke(TestInvoker.java:816)
	at org.testng.internal.TestInvoker.invokeTestMethods(TestInvoker.java:146)
	at org.testng.internal.TestMethodWorker.invokeTestMethods(TestMethodWorker.java:146)
	at org.testng.internal.TestMethodWorker.run(TestMethodWorker.java:128)
	at java.base/java.util.concurrent.ThreadPoolExecutor.runWorker(ThreadPoolExecutor.java:1136)
	at java.base/java.util.concurrent.ThreadPoolExecutor$Worker.run(ThreadPoolExecutor.java:635)
	at java.base/java.lang.Thread.run(Thread.java:833)
</pre></div></td>
<td>0</td>
<td>com.simplogics.testcases.CreateGoldInvoice@2e61d218</td></tr>
<tr>
<td title='com.simplogics.testcases.DivideBulkByItems.divideBulkByItems()'><b>divideBulkByItems</b><br>Test class: com.simplogics.testcases.DivideBulkByItems<br>Parameters: {BulkItemPIC=CITSUPPORT3}</td>
<td><div><pre>org.testng.SkipException: Skipping the test DIVIDEBULKBYITEMSas the Run mode is NO
	at com.simplogics.testcases.DivideBulkByItems.divideBulkByItems(DivideBulkByItems.java:20)
	at java.base/java.util.concurrent.ThreadPoolExecutor.runWorker(ThreadPoolExecutor.java:1136)
	at java.base/java.util.concurrent.ThreadPoolExecutor$Worker.run(ThreadPoolExecutor.java:635)
	at java.base/java.lang.Thread.run(Thread.java:833)
... Removed 12 stack frames</pre></div><a href='#' onClick='toggleBox("stack-trace275692720", this, "Click to show all stack frames", "Click to hide stack frames")'>Click to show all stack frames</a>
<div class='stack-trace' id='stack-trace275692720'><pre>org.testng.SkipException: Skipping the test DIVIDEBULKBYITEMSas the Run mode is NO
	at com.simplogics.testcases.DivideBulkByItems.divideBulkByItems(DivideBulkByItems.java:20)
	at java.base/jdk.internal.reflect.NativeMethodAccessorImpl.invoke0(Native Method)
	at java.base/jdk.internal.reflect.NativeMethodAccessorImpl.invoke(NativeMethodAccessorImpl.java:77)
	at java.base/jdk.internal.reflect.DelegatingMethodAccessorImpl.invoke(DelegatingMethodAccessorImpl.java:43)
	at java.base/java.lang.reflect.Method.invoke(Method.java:568)
	at org.testng.internal.MethodInvocationHelper.invokeMethod(MethodInvocationHelper.java:134)
	at org.testng.internal.TestInvoker.invokeMethod(TestInvoker.java:597)
	at org.testng.internal.TestInvoker.invokeTestMethod(TestInvoker.java:173)
	at org.testng.internal.MethodRunner.runInSequence(MethodRunner.java:46)
	at org.testng.internal.TestInvoker$MethodInvocationAgent.invoke(TestInvoker.java:816)
	at org.testng.internal.TestInvoker.invokeTestMethods(TestInvoker.java:146)
	at org.testng.internal.TestMethodWorker.invokeTestMethods(TestMethodWorker.java:146)
	at org.testng.internal.TestMethodWorker.run(TestMethodWorker.java:128)
	at java.base/java.util.concurrent.ThreadPoolExecutor.runWorker(ThreadPoolExecutor.java:1136)
	at java.base/java.util.concurrent.ThreadPoolExecutor$Worker.run(ThreadPoolExecutor.java:635)
	at java.base/java.lang.Thread.run(Thread.java:833)
</pre></div></td>
<td>0</td>
<td>com.simplogics.testcases.DivideBulkByItems@1af146</td></tr>
<tr>
<td title='com.simplogics.testcases.DivideBulk.dividebulk()'><b>dividebulk</b><br>Test class: com.simplogics.testcases.DivideBulk<br>Parameters: {NewBulkWt=10.0, NewBulkQty=10.0, PICDropdown=CITSUPPORT, NewBulkCost=10.0}</td>
<td><div><pre>org.testng.SkipException: Skipping the test DIVIDEBULKas the Run mode is NO
	at com.simplogics.testcases.DivideBulk.dividebulk(DivideBulk.java:20)
	at java.base/java.util.concurrent.ThreadPoolExecutor.runWorker(ThreadPoolExecutor.java:1136)
	at java.base/java.util.concurrent.ThreadPoolExecutor$Worker.run(ThreadPoolExecutor.java:635)
	at java.base/java.lang.Thread.run(Thread.java:833)
... Removed 12 stack frames</pre></div><a href='#' onClick='toggleBox("stack-trace195300201", this, "Click to show all stack frames", "Click to hide stack frames")'>Click to show all stack frames</a>
<div class='stack-trace' id='stack-trace195300201'><pre>org.testng.SkipException: Skipping the test DIVIDEBULKas the Run mode is NO
	at com.simplogics.testcases.DivideBulk.dividebulk(DivideBulk.java:20)
	at java.base/jdk.internal.reflect.NativeMethodAccessorImpl.invoke0(Native Method)
	at java.base/jdk.internal.reflect.NativeMethodAccessorImpl.invoke(NativeMethodAccessorImpl.java:77)
	at java.base/jdk.internal.reflect.DelegatingMethodAccessorImpl.invoke(DelegatingMethodAccessorImpl.java:43)
	at java.base/java.lang.reflect.Method.invoke(Method.java:568)
	at org.testng.internal.MethodInvocationHelper.invokeMethod(MethodInvocationHelper.java:134)
	at org.testng.internal.TestInvoker.invokeMethod(TestInvoker.java:597)
	at org.testng.internal.TestInvoker.invokeTestMethod(TestInvoker.java:173)
	at org.testng.internal.MethodRunner.runInSequence(MethodRunner.java:46)
	at org.testng.internal.TestInvoker$MethodInvocationAgent.invoke(TestInvoker.java:816)
	at org.testng.internal.TestInvoker.invokeTestMethods(TestInvoker.java:146)
	at org.testng.internal.TestMethodWorker.invokeTestMethods(TestMethodWorker.java:146)
	at org.testng.internal.TestMethodWorker.run(TestMethodWorker.java:128)
	at java.base/java.util.concurrent.ThreadPoolExecutor.runWorker(ThreadPoolExecutor.java:1136)
	at java.base/java.util.concurrent.ThreadPoolExecutor$Worker.run(ThreadPoolExecutor.java:635)
	at java.base/java.lang.Thread.run(Thread.java:833)
</pre></div></td>
<td>0</td>
<td>com.simplogics.testcases.DivideBulk@607fbe09</td></tr>
<tr>
<td title='com.simplogics.testcases.GoldBulk.goldBulk()'><b>goldBulk</b><br>Test class: com.simplogics.testcases.GoldBulk</td>
<td><div><pre>org.testng.SkipException: Skipping the test GOLDBULKas the Run mode is NO
	at com.simplogics.testcases.GoldBulk.goldBulk(GoldBulk.java:14)
	at java.base/java.util.concurrent.ThreadPoolExecutor.runWorker(ThreadPoolExecutor.java:1136)
	at java.base/java.util.concurrent.ThreadPoolExecutor$Worker.run(ThreadPoolExecutor.java:635)
	at java.base/java.lang.Thread.run(Thread.java:833)
... Removed 12 stack frames</pre></div><a href='#' onClick='toggleBox("stack-trace1901016058", this, "Click to show all stack frames", "Click to hide stack frames")'>Click to show all stack frames</a>
<div class='stack-trace' id='stack-trace1901016058'><pre>org.testng.SkipException: Skipping the test GOLDBULKas the Run mode is NO
	at com.simplogics.testcases.GoldBulk.goldBulk(GoldBulk.java:14)
	at java.base/jdk.internal.reflect.NativeMethodAccessorImpl.invoke0(Native Method)
	at java.base/jdk.internal.reflect.NativeMethodAccessorImpl.invoke(NativeMethodAccessorImpl.java:77)
	at java.base/jdk.internal.reflect.DelegatingMethodAccessorImpl.invoke(DelegatingMethodAccessorImpl.java:43)
	at java.base/java.lang.reflect.Method.invoke(Method.java:568)
	at org.testng.internal.MethodInvocationHelper.invokeMethod(MethodInvocationHelper.java:134)
	at org.testng.internal.TestInvoker.invokeMethod(TestInvoker.java:597)
	at org.testng.internal.TestInvoker.invokeTestMethod(TestInvoker.java:173)
	at org.testng.internal.MethodRunner.runInSequence(MethodRunner.java:46)
	at org.testng.internal.TestInvoker$MethodInvocationAgent.invoke(TestInvoker.java:816)
	at org.testng.internal.TestInvoker.invokeTestMethods(TestInvoker.java:146)
	at org.testng.internal.TestMethodWorker.invokeTestMethods(TestMethodWorker.java:146)
	at org.testng.internal.TestMethodWorker.run(TestMethodWorker.java:128)
	at java.base/java.util.concurrent.ThreadPoolExecutor.runWorker(ThreadPoolExecutor.java:1136)
	at java.base/java.util.concurrent.ThreadPoolExecutor$Worker.run(ThreadPoolExecutor.java:635)
	at java.base/java.lang.Thread.run(Thread.java:833)
</pre></div></td>
<td>0</td>
<td>com.simplogics.testcases.GoldBulk@6c25e6c4</td></tr>
<tr>
<td title='com.simplogics.testcases.InternalTransferDetails.internalTransfer()'><b>internalTransfer</b><br>Test class: com.simplogics.testcases.InternalTransferDetails<br>Parameters: {BulkNo=2869, runmode=N, ItemNo=, remarks=Test Bulk Condition}</td>
<td><div><pre>org.testng.SkipException: Skipping the test INTERNALTRANSFERas the Run mode is NO
	at com.simplogics.testcases.InternalTransferDetails.internalTransfer(InternalTransferDetails.java:18)
	at java.base/java.util.concurrent.ThreadPoolExecutor.runWorker(ThreadPoolExecutor.java:1136)
	at java.base/java.util.concurrent.ThreadPoolExecutor$Worker.run(ThreadPoolExecutor.java:635)
	at java.base/java.lang.Thread.run(Thread.java:833)
... Removed 12 stack frames</pre></div><a href='#' onClick='toggleBox("stack-trace493346151", this, "Click to show all stack frames", "Click to hide stack frames")'>Click to show all stack frames</a>
<div class='stack-trace' id='stack-trace493346151'><pre>org.testng.SkipException: Skipping the test INTERNALTRANSFERas the Run mode is NO
	at com.simplogics.testcases.InternalTransferDetails.internalTransfer(InternalTransferDetails.java:18)
	at java.base/jdk.internal.reflect.NativeMethodAccessorImpl.invoke0(Native Method)
	at java.base/jdk.internal.reflect.NativeMethodAccessorImpl.invoke(NativeMethodAccessorImpl.java:77)
	at java.base/jdk.internal.reflect.DelegatingMethodAccessorImpl.invoke(DelegatingMethodAccessorImpl.java:43)
	at java.base/java.lang.reflect.Method.invoke(Method.java:568)
	at org.testng.internal.MethodInvocationHelper.invokeMethod(MethodInvocationHelper.java:134)
	at org.testng.internal.TestInvoker.invokeMethod(TestInvoker.java:597)
	at org.testng.internal.TestInvoker.invokeTestMethod(TestInvoker.java:173)
	at org.testng.internal.MethodRunner.runInSequence(MethodRunner.java:46)
	at org.testng.internal.TestInvoker$MethodInvocationAgent.invoke(TestInvoker.java:816)
	at org.testng.internal.TestInvoker.invokeTestMethods(TestInvoker.java:146)
	at org.testng.internal.TestMethodWorker.invokeTestMethods(TestMethodWorker.java:146)
	at org.testng.internal.TestMethodWorker.run(TestMethodWorker.java:128)
	at java.base/java.util.concurrent.ThreadPoolExecutor.runWorker(ThreadPoolExecutor.java:1136)
	at java.base/java.util.concurrent.ThreadPoolExecutor$Worker.run(ThreadPoolExecutor.java:635)
	at java.base/java.lang.Thread.run(Thread.java:833)
</pre></div></td>
<td>0</td>
<td>com.simplogics.testcases.InternalTransferDetails@1a7288a3</td></tr>
<tr>
<td title='com.simplogics.testcases.InternalTransferDetails.internalTransfer()'><b>internalTransfer</b><br>Test class: com.simplogics.testcases.InternalTransferDetails<br>Parameters: {BulkNo=, runmode=Y, ItemNo=8638680, remarks=Test Item Condition}</td>
<td><div><pre>org.testng.SkipException: Skipping the test INTERNALTRANSFERas the Run mode is NO
	at com.simplogics.testcases.InternalTransferDetails.internalTransfer(InternalTransferDetails.java:18)
	at java.base/java.util.concurrent.ThreadPoolExecutor.runWorker(ThreadPoolExecutor.java:1136)
	at java.base/java.util.concurrent.ThreadPoolExecutor$Worker.run(ThreadPoolExecutor.java:635)
	at java.base/java.lang.Thread.run(Thread.java:833)
... Removed 12 stack frames</pre></div><a href='#' onClick='toggleBox("stack-trace1483030703", this, "Click to show all stack frames", "Click to hide stack frames")'>Click to show all stack frames</a>
<div class='stack-trace' id='stack-trace1483030703'><pre>org.testng.SkipException: Skipping the test INTERNALTRANSFERas the Run mode is NO
	at com.simplogics.testcases.InternalTransferDetails.internalTransfer(InternalTransferDetails.java:18)
	at java.base/jdk.internal.reflect.NativeMethodAccessorImpl.invoke0(Native Method)
	at java.base/jdk.internal.reflect.NativeMethodAccessorImpl.invoke(NativeMethodAccessorImpl.java:77)
	at java.base/jdk.internal.reflect.DelegatingMethodAccessorImpl.invoke(DelegatingMethodAccessorImpl.java:43)
	at java.base/java.lang.reflect.Method.invoke(Method.java:568)
	at org.testng.internal.MethodInvocationHelper.invokeMethod(MethodInvocationHelper.java:134)
	at org.testng.internal.TestInvoker.invokeMethod(TestInvoker.java:597)
	at org.testng.internal.TestInvoker.invokeTestMethod(TestInvoker.java:173)
	at org.testng.internal.MethodRunner.runInSequence(MethodRunner.java:46)
	at org.testng.internal.TestInvoker$MethodInvocationAgent.invoke(TestInvoker.java:816)
	at org.testng.internal.TestInvoker.invokeTestMethods(TestInvoker.java:146)
	at org.testng.internal.TestMethodWorker.invokeTestMethods(TestMethodWorker.java:146)
	at org.testng.internal.TestMethodWorker.run(TestMethodWorker.java:128)
	at java.base/java.util.concurrent.ThreadPoolExecutor.runWorker(ThreadPoolExecutor.java:1136)
	at java.base/java.util.concurrent.ThreadPoolExecutor$Worker.run(ThreadPoolExecutor.java:635)
	at java.base/java.lang.Thread.run(Thread.java:833)
</pre></div></td>
<td>0</td>
<td>com.simplogics.testcases.InternalTransferDetails@1a7288a3</td></tr>
<tr>
<td title='com.simplogics.testcases.InternalTransferMenuSelection.internalTransferMenuSelection()'><b>internalTransferMenuSelection</b><br>Test class: com.simplogics.testcases.InternalTransferMenuSelection</td>
<td><div><pre>org.testng.SkipException: Skipping the test INTERNALTRANSFERMENUSELECTIONas the Run mode is NO
	at com.simplogics.testcases.InternalTransferMenuSelection.internalTransferMenuSelection(InternalTransferMenuSelection.java:16)
	at java.base/java.util.concurrent.ThreadPoolExecutor.runWorker(ThreadPoolExecutor.java:1136)
	at java.base/java.util.concurrent.ThreadPoolExecutor$Worker.run(ThreadPoolExecutor.java:635)
	at java.base/java.lang.Thread.run(Thread.java:833)
... Removed 12 stack frames</pre></div><a href='#' onClick='toggleBox("stack-trace713808482", this, "Click to show all stack frames", "Click to hide stack frames")'>Click to show all stack frames</a>
<div class='stack-trace' id='stack-trace713808482'><pre>org.testng.SkipException: Skipping the test INTERNALTRANSFERMENUSELECTIONas the Run mode is NO
	at com.simplogics.testcases.InternalTransferMenuSelection.internalTransferMenuSelection(InternalTransferMenuSelection.java:16)
	at java.base/jdk.internal.reflect.NativeMethodAccessorImpl.invoke0(Native Method)
	at java.base/jdk.internal.reflect.NativeMethodAccessorImpl.invoke(NativeMethodAccessorImpl.java:77)
	at java.base/jdk.internal.reflect.DelegatingMethodAccessorImpl.invoke(DelegatingMethodAccessorImpl.java:43)
	at java.base/java.lang.reflect.Method.invoke(Method.java:568)
	at org.testng.internal.MethodInvocationHelper.invokeMethod(MethodInvocationHelper.java:134)
	at org.testng.internal.TestInvoker.invokeMethod(TestInvoker.java:597)
	at org.testng.internal.TestInvoker.invokeTestMethod(TestInvoker.java:173)
	at org.testng.internal.MethodRunner.runInSequence(MethodRunner.java:46)
	at org.testng.internal.TestInvoker$MethodInvocationAgent.invoke(TestInvoker.java:816)
	at org.testng.internal.TestInvoker.invokeTestMethods(TestInvoker.java:146)
	at org.testng.internal.TestMethodWorker.invokeTestMethods(TestMethodWorker.java:146)
	at org.testng.internal.TestMethodWorker.run(TestMethodWorker.java:128)
	at java.base/java.util.concurrent.ThreadPoolExecutor.runWorker(ThreadPoolExecutor.java:1136)
	at java.base/java.util.concurrent.ThreadPoolExecutor$Worker.run(ThreadPoolExecutor.java:635)
	at java.base/java.lang.Thread.run(Thread.java:833)
</pre></div></td>
<td>0</td>
<td>com.simplogics.testcases.InternalTransferMenuSelection@45e37a7e</td></tr>
<tr>
<td title='com.simplogics.testcases.InvoiceSearch.invoiceSearch()'><b>invoiceSearch</b><br>Test class: com.simplogics.testcases.InvoiceSearch<br>Parameters: {DocRefNo=SLM_1000}</td>
<td><div><pre>org.testng.SkipException: Skipping the test INVOICESEARCHas the Run mode is NO
	at com.simplogics.testcases.InvoiceSearch.invoiceSearch(InvoiceSearch.java:16)
	at java.base/java.util.concurrent.ThreadPoolExecutor.runWorker(ThreadPoolExecutor.java:1136)
	at java.base/java.util.concurrent.ThreadPoolExecutor$Worker.run(ThreadPoolExecutor.java:635)
	at java.base/java.lang.Thread.run(Thread.java:833)
... Removed 12 stack frames</pre></div><a href='#' onClick='toggleBox("stack-trace532119225", this, "Click to show all stack frames", "Click to hide stack frames")'>Click to show all stack frames</a>
<div class='stack-trace' id='stack-trace532119225'><pre>org.testng.SkipException: Skipping the test INVOICESEARCHas the Run mode is NO
	at com.simplogics.testcases.InvoiceSearch.invoiceSearch(InvoiceSearch.java:16)
	at java.base/jdk.internal.reflect.NativeMethodAccessorImpl.invoke0(Native Method)
	at java.base/jdk.internal.reflect.NativeMethodAccessorImpl.invoke(NativeMethodAccessorImpl.java:77)
	at java.base/jdk.internal.reflect.DelegatingMethodAccessorImpl.invoke(DelegatingMethodAccessorImpl.java:43)
	at java.base/java.lang.reflect.Method.invoke(Method.java:568)
	at org.testng.internal.MethodInvocationHelper.invokeMethod(MethodInvocationHelper.java:134)
	at org.testng.internal.TestInvoker.invokeMethod(TestInvoker.java:597)
	at org.testng.internal.TestInvoker.invokeTestMethod(TestInvoker.java:173)
	at org.testng.internal.MethodRunner.runInSequence(MethodRunner.java:46)
	at org.testng.internal.TestInvoker$MethodInvocationAgent.invoke(TestInvoker.java:816)
	at org.testng.internal.TestInvoker.invokeTestMethods(TestInvoker.java:146)
	at org.testng.internal.TestMethodWorker.invokeTestMethods(TestMethodWorker.java:146)
	at org.testng.internal.TestMethodWorker.run(TestMethodWorker.java:128)
	at java.base/java.util.concurrent.ThreadPoolExecutor.runWorker(ThreadPoolExecutor.java:1136)
	at java.base/java.util.concurrent.ThreadPoolExecutor$Worker.run(ThreadPoolExecutor.java:635)
	at java.base/java.lang.Thread.run(Thread.java:833)
</pre></div></td>
<td>0</td>
<td>com.simplogics.testcases.InvoiceSearch@3c9bfddc</td></tr>
<tr>
<td title='com.simplogics.testcases.Logout.logout()'><b>logout</b><br>Test class: com.simplogics.testcases.Logout</td>
<td><div><pre>org.testng.SkipException: Skipping the test LOGOUTas the Run mode is NO
	at com.simplogics.testcases.Logout.logout(Logout.java:15)
	at java.base/java.util.concurrent.ThreadPoolExecutor.runWorker(ThreadPoolExecutor.java:1136)
	at java.base/java.util.concurrent.ThreadPoolExecutor$Worker.run(ThreadPoolExecutor.java:635)
	at java.base/java.lang.Thread.run(Thread.java:833)
... Removed 12 stack frames</pre></div><a href='#' onClick='toggleBox("stack-trace648354278", this, "Click to show all stack frames", "Click to hide stack frames")'>Click to show all stack frames</a>
<div class='stack-trace' id='stack-trace648354278'><pre>org.testng.SkipException: Skipping the test LOGOUTas the Run mode is NO
	at com.simplogics.testcases.Logout.logout(Logout.java:15)
	at java.base/jdk.internal.reflect.NativeMethodAccessorImpl.invoke0(Native Method)
	at java.base/jdk.internal.reflect.NativeMethodAccessorImpl.invoke(NativeMethodAccessorImpl.java:77)
	at java.base/jdk.internal.reflect.DelegatingMethodAccessorImpl.invoke(DelegatingMethodAccessorImpl.java:43)
	at java.base/java.lang.reflect.Method.invoke(Method.java:568)
	at org.testng.internal.MethodInvocationHelper.invokeMethod(MethodInvocationHelper.java:134)
	at org.testng.internal.TestInvoker.invokeMethod(TestInvoker.java:597)
	at org.testng.internal.TestInvoker.invokeTestMethod(TestInvoker.java:173)
	at org.testng.internal.MethodRunner.runInSequence(MethodRunner.java:46)
	at org.testng.internal.TestInvoker$MethodInvocationAgent.invoke(TestInvoker.java:816)
	at org.testng.internal.TestInvoker.invokeTestMethods(TestInvoker.java:146)
	at org.testng.internal.TestMethodWorker.invokeTestMethods(TestMethodWorker.java:146)
	at org.testng.internal.TestMethodWorker.run(TestMethodWorker.java:128)
	at java.base/java.util.concurrent.ThreadPoolExecutor.runWorker(ThreadPoolExecutor.java:1136)
	at java.base/java.util.concurrent.ThreadPoolExecutor$Worker.run(ThreadPoolExecutor.java:635)
	at java.base/java.lang.Thread.run(Thread.java:833)
</pre></div></td>
<td>0</td>
<td>com.simplogics.testcases.Logout@505a9d7c</td></tr>
<tr>
<td title='com.simplogics.testcases.MergeBulk.mergeBulk()'><b>mergeBulk</b><br>Test class: com.simplogics.testcases.MergeBulk</td>
<td><div><pre>org.testng.SkipException: Skipping the test MERGEBULKas the Run mode is NO
	at com.simplogics.testcases.MergeBulk.mergeBulk(MergeBulk.java:18)
	at java.base/java.util.concurrent.ThreadPoolExecutor.runWorker(ThreadPoolExecutor.java:1136)
	at java.base/java.util.concurrent.ThreadPoolExecutor$Worker.run(ThreadPoolExecutor.java:635)
	at java.base/java.lang.Thread.run(Thread.java:833)
... Removed 12 stack frames</pre></div><a href='#' onClick='toggleBox("stack-trace1914624325", this, "Click to show all stack frames", "Click to hide stack frames")'>Click to show all stack frames</a>
<div class='stack-trace' id='stack-trace1914624325'><pre>org.testng.SkipException: Skipping the test MERGEBULKas the Run mode is NO
	at com.simplogics.testcases.MergeBulk.mergeBulk(MergeBulk.java:18)
	at java.base/jdk.internal.reflect.NativeMethodAccessorImpl.invoke0(Native Method)
	at java.base/jdk.internal.reflect.NativeMethodAccessorImpl.invoke(NativeMethodAccessorImpl.java:77)
	at java.base/jdk.internal.reflect.DelegatingMethodAccessorImpl.invoke(DelegatingMethodAccessorImpl.java:43)
	at java.base/java.lang.reflect.Method.invoke(Method.java:568)
	at org.testng.internal.MethodInvocationHelper.invokeMethod(MethodInvocationHelper.java:134)
	at org.testng.internal.TestInvoker.invokeMethod(TestInvoker.java:597)
	at org.testng.internal.TestInvoker.invokeTestMethod(TestInvoker.java:173)
	at org.testng.internal.MethodRunner.runInSequence(MethodRunner.java:46)
	at org.testng.internal.TestInvoker$MethodInvocationAgent.invoke(TestInvoker.java:816)
	at org.testng.internal.TestInvoker.invokeTestMethods(TestInvoker.java:146)
	at org.testng.internal.TestMethodWorker.invokeTestMethods(TestMethodWorker.java:146)
	at org.testng.internal.TestMethodWorker.run(TestMethodWorker.java:128)
	at java.base/java.util.concurrent.ThreadPoolExecutor.runWorker(ThreadPoolExecutor.java:1136)
	at java.base/java.util.concurrent.ThreadPoolExecutor$Worker.run(ThreadPoolExecutor.java:635)
	at java.base/java.lang.Thread.run(Thread.java:833)
</pre></div></td>
<td>0</td>
<td>com.simplogics.testcases.MergeBulk@4a891c97</td></tr>
<tr>
<td title='com.simplogics.testcases.Relogin.relogin()'><b>relogin</b><br>Test class: com.simplogics.testcases.Relogin<br>Parameters: {password=11/11/1111, runmode=N, username=alan_tan}</td>
<td><div><pre>org.testng.SkipException: Skipping the test RELOGINas the Run mode is NO
	at com.simplogics.testcases.Relogin.relogin(Relogin.java:19)
	at java.base/java.util.concurrent.ThreadPoolExecutor.runWorker(ThreadPoolExecutor.java:1136)
	at java.base/java.util.concurrent.ThreadPoolExecutor$Worker.run(ThreadPoolExecutor.java:635)
	at java.base/java.lang.Thread.run(Thread.java:833)
... Removed 12 stack frames</pre></div><a href='#' onClick='toggleBox("stack-trace2139040165", this, "Click to show all stack frames", "Click to hide stack frames")'>Click to show all stack frames</a>
<div class='stack-trace' id='stack-trace2139040165'><pre>org.testng.SkipException: Skipping the test RELOGINas the Run mode is NO
	at com.simplogics.testcases.Relogin.relogin(Relogin.java:19)
	at java.base/jdk.internal.reflect.NativeMethodAccessorImpl.invoke0(Native Method)
	at java.base/jdk.internal.reflect.NativeMethodAccessorImpl.invoke(NativeMethodAccessorImpl.java:77)
	at java.base/jdk.internal.reflect.DelegatingMethodAccessorImpl.invoke(DelegatingMethodAccessorImpl.java:43)
	at java.base/java.lang.reflect.Method.invoke(Method.java:568)
	at org.testng.internal.MethodInvocationHelper.invokeMethod(MethodInvocationHelper.java:134)
	at org.testng.internal.TestInvoker.invokeMethod(TestInvoker.java:597)
	at org.testng.internal.TestInvoker.invokeTestMethod(TestInvoker.java:173)
	at org.testng.internal.MethodRunner.runInSequence(MethodRunner.java:46)
	at org.testng.internal.TestInvoker$MethodInvocationAgent.invoke(TestInvoker.java:816)
	at org.testng.internal.TestInvoker.invokeTestMethods(TestInvoker.java:146)
	at org.testng.internal.TestMethodWorker.invokeTestMethods(TestMethodWorker.java:146)
	at org.testng.internal.TestMethodWorker.run(TestMethodWorker.java:128)
	at java.base/java.util.concurrent.ThreadPoolExecutor.runWorker(ThreadPoolExecutor.java:1136)
	at java.base/java.util.concurrent.ThreadPoolExecutor$Worker.run(ThreadPoolExecutor.java:635)
	at java.base/java.lang.Thread.run(Thread.java:833)
</pre></div></td>
<td>0</td>
<td>com.simplogics.testcases.Relogin@2bb7bd00</td></tr>
<tr>
<td title='com.simplogics.testcases.Relogin.relogin()'><b>relogin</b><br>Test class: com.simplogics.testcases.Relogin<br>Parameters: {password=11/11/1111, runmode=Y, username=engyeow_tan }</td>
<td><div><pre>org.testng.SkipException: Skipping the test RELOGINas the Run mode is NO
	at com.simplogics.testcases.Relogin.relogin(Relogin.java:19)
	at java.base/java.util.concurrent.ThreadPoolExecutor.runWorker(ThreadPoolExecutor.java:1136)
	at java.base/java.util.concurrent.ThreadPoolExecutor$Worker.run(ThreadPoolExecutor.java:635)
	at java.base/java.lang.Thread.run(Thread.java:833)
... Removed 12 stack frames</pre></div><a href='#' onClick='toggleBox("stack-trace981317678", this, "Click to show all stack frames", "Click to hide stack frames")'>Click to show all stack frames</a>
<div class='stack-trace' id='stack-trace981317678'><pre>org.testng.SkipException: Skipping the test RELOGINas the Run mode is NO
	at com.simplogics.testcases.Relogin.relogin(Relogin.java:19)
	at java.base/jdk.internal.reflect.NativeMethodAccessorImpl.invoke0(Native Method)
	at java.base/jdk.internal.reflect.NativeMethodAccessorImpl.invoke(NativeMethodAccessorImpl.java:77)
	at java.base/jdk.internal.reflect.DelegatingMethodAccessorImpl.invoke(DelegatingMethodAccessorImpl.java:43)
	at java.base/java.lang.reflect.Method.invoke(Method.java:568)
	at org.testng.internal.MethodInvocationHelper.invokeMethod(MethodInvocationHelper.java:134)
	at org.testng.internal.TestInvoker.invokeMethod(TestInvoker.java:597)
	at org.testng.internal.TestInvoker.invokeTestMethod(TestInvoker.java:173)
	at org.testng.internal.MethodRunner.runInSequence(MethodRunner.java:46)
	at org.testng.internal.TestInvoker$MethodInvocationAgent.invoke(TestInvoker.java:816)
	at org.testng.internal.TestInvoker.invokeTestMethods(TestInvoker.java:146)
	at org.testng.internal.TestMethodWorker.invokeTestMethods(TestMethodWorker.java:146)
	at org.testng.internal.TestMethodWorker.run(TestMethodWorker.java:128)
	at java.base/java.util.concurrent.ThreadPoolExecutor.runWorker(ThreadPoolExecutor.java:1136)
	at java.base/java.util.concurrent.ThreadPoolExecutor$Worker.run(ThreadPoolExecutor.java:635)
	at java.base/java.lang.Thread.run(Thread.java:833)
</pre></div></td>
<td>0</td>
<td>com.simplogics.testcases.Relogin@2bb7bd00</td></tr>
<tr>
<td title='com.simplogics.testcases.StockApproval.stockApproval()'><b>stockApproval</b><br>Test class: com.simplogics.testcases.StockApproval<br>Parameters: {RequestedBy=CITSUPPORT3}</td>
<td><div><pre>org.testng.SkipException: Skipping the test STOCKAPPROVALas the Run mode is NO
	at com.simplogics.testcases.StockApproval.stockApproval(StockApproval.java:22)
	at java.base/java.util.concurrent.ThreadPoolExecutor.runWorker(ThreadPoolExecutor.java:1136)
	at java.base/java.util.concurrent.ThreadPoolExecutor$Worker.run(ThreadPoolExecutor.java:635)
	at java.base/java.lang.Thread.run(Thread.java:833)
... Removed 12 stack frames</pre></div><a href='#' onClick='toggleBox("stack-trace292649058", this, "Click to show all stack frames", "Click to hide stack frames")'>Click to show all stack frames</a>
<div class='stack-trace' id='stack-trace292649058'><pre>org.testng.SkipException: Skipping the test STOCKAPPROVALas the Run mode is NO
	at com.simplogics.testcases.StockApproval.stockApproval(StockApproval.java:22)
	at java.base/jdk.internal.reflect.NativeMethodAccessorImpl.invoke0(Native Method)
	at java.base/jdk.internal.reflect.NativeMethodAccessorImpl.invoke(NativeMethodAccessorImpl.java:77)
	at java.base/jdk.internal.reflect.DelegatingMethodAccessorImpl.invoke(DelegatingMethodAccessorImpl.java:43)
	at java.base/java.lang.reflect.Method.invoke(Method.java:568)
	at org.testng.internal.MethodInvocationHelper.invokeMethod(MethodInvocationHelper.java:134)
	at org.testng.internal.TestInvoker.invokeMethod(TestInvoker.java:597)
	at org.testng.internal.TestInvoker.invokeTestMethod(TestInvoker.java:173)
	at org.testng.internal.MethodRunner.runInSequence(MethodRunner.java:46)
	at org.testng.internal.TestInvoker$MethodInvocationAgent.invoke(TestInvoker.java:816)
	at org.testng.internal.TestInvoker.invokeTestMethods(TestInvoker.java:146)
	at org.testng.internal.TestMethodWorker.invokeTestMethods(TestMethodWorker.java:146)
	at org.testng.internal.TestMethodWorker.run(TestMethodWorker.java:128)
	at java.base/java.util.concurrent.ThreadPoolExecutor.runWorker(ThreadPoolExecutor.java:1136)
	at java.base/java.util.concurrent.ThreadPoolExecutor$Worker.run(ThreadPoolExecutor.java:635)
	at java.base/java.lang.Thread.run(Thread.java:833)
</pre></div></td>
<td>0</td>
<td>com.simplogics.testcases.StockApproval@40c80397</td></tr>
<tr>
<td title='com.simplogics.testcases.StockApprovalOrRejection.stockApprovalOrRejection()'><b>stockApprovalOrRejection</b><br>Test class: com.simplogics.testcases.StockApprovalOrRejection</td>
<td><div><pre>java.lang.RuntimeException: java.lang.NegativeArraySizeException: -1
	at java.base/java.util.concurrent.ThreadPoolExecutor.runWorker(ThreadPoolExecutor.java:1136)
	at java.base/java.util.concurrent.ThreadPoolExecutor$Worker.run(ThreadPoolExecutor.java:635)
	at java.base/java.lang.Thread.run(Thread.java:833)
Caused by: java.lang.NegativeArraySizeException: -1
	at com.simplogics.utilities.TestUtil.getData(TestUtil.java:61)
	... 12 more
... Removed 16 stack frames</pre></div><a href='#' onClick='toggleBox("stack-trace367720414", this, "Click to show all stack frames", "Click to hide stack frames")'>Click to show all stack frames</a>
<div class='stack-trace' id='stack-trace367720414'><pre>java.lang.RuntimeException: java.lang.NegativeArraySizeException: -1
	at org.testng.internal.MethodInvocationHelper.invokeMethodNoCheckedException(MethodInvocationHelper.java:51)
	at org.testng.internal.MethodInvocationHelper.invokeDataProvider(MethodInvocationHelper.java:147)
	at org.testng.internal.Parameters.handleParameters(Parameters.java:801)
	at org.testng.internal.Parameters.handleParameters(Parameters.java:744)
	at org.testng.internal.ParameterHandler.handleParameters(ParameterHandler.java:59)
	at org.testng.internal.ParameterHandler.createParameters(ParameterHandler.java:38)
	at org.testng.internal.TestInvoker$MethodInvocationAgent.invoke(TestInvoker.java:783)
	at org.testng.internal.TestInvoker.invokeTestMethods(TestInvoker.java:146)
	at org.testng.internal.TestMethodWorker.invokeTestMethods(TestMethodWorker.java:146)
	at org.testng.internal.TestMethodWorker.run(TestMethodWorker.java:128)
	at java.base/java.util.concurrent.ThreadPoolExecutor.runWorker(ThreadPoolExecutor.java:1136)
	at java.base/java.util.concurrent.ThreadPoolExecutor$Worker.run(ThreadPoolExecutor.java:635)
	at java.base/java.lang.Thread.run(Thread.java:833)
Caused by: java.lang.NegativeArraySizeException: -1
	at com.simplogics.utilities.TestUtil.getData(TestUtil.java:61)
	at jdk.internal.reflect.GeneratedMethodAccessor12.invoke(Unknown Source)
	at java.base/jdk.internal.reflect.DelegatingMethodAccessorImpl.invoke(DelegatingMethodAccessorImpl.java:43)
	at java.base/java.lang.reflect.Method.invoke(Method.java:568)
	at org.testng.internal.MethodInvocationHelper.invokeMethod(MethodInvocationHelper.java:134)
	at org.testng.internal.MethodInvocationHelper.invokeMethod(MethodInvocationHelper.java:78)
	at org.testng.internal.MethodInvocationHelper.invokeMethodNoCheckedException(MethodInvocationHelper.java:47)
	... 12 more
</pre></div></td>
<td>0</td>
<td>com.simplogics.testcases.StockApprovalOrRejection@3b77a04f</td></tr>
<tr>
<td title='com.simplogics.testcases.StockEditApprover.stockEditApprover()'><b>stockEditApprover</b><br>Test class: com.simplogics.testcases.StockEditApprover<br>Parameters: {Approver=engyeowtan, Remarks=Testing Stock Edit - SLV, runmode=Y}</td>
<td><div><pre>org.testng.SkipException: Skipping the test STOCKEDITAPPROVERas the Run mode is NO
	at com.simplogics.testcases.StockEditApprover.stockEditApprover(StockEditApprover.java:19)
	at java.base/java.util.concurrent.ThreadPoolExecutor.runWorker(ThreadPoolExecutor.java:1136)
	at java.base/java.util.concurrent.ThreadPoolExecutor$Worker.run(ThreadPoolExecutor.java:635)
	at java.base/java.lang.Thread.run(Thread.java:833)
... Removed 12 stack frames</pre></div><a href='#' onClick='toggleBox("stack-trace981435690", this, "Click to show all stack frames", "Click to hide stack frames")'>Click to show all stack frames</a>
<div class='stack-trace' id='stack-trace981435690'><pre>org.testng.SkipException: Skipping the test STOCKEDITAPPROVERas the Run mode is NO
	at com.simplogics.testcases.StockEditApprover.stockEditApprover(StockEditApprover.java:19)
	at java.base/jdk.internal.reflect.NativeMethodAccessorImpl.invoke0(Native Method)
	at java.base/jdk.internal.reflect.NativeMethodAccessorImpl.invoke(NativeMethodAccessorImpl.java:77)
	at java.base/jdk.internal.reflect.DelegatingMethodAccessorImpl.invoke(DelegatingMethodAccessorImpl.java:43)
	at java.base/java.lang.reflect.Method.invoke(Method.java:568)
	at org.testng.internal.MethodInvocationHelper.invokeMethod(MethodInvocationHelper.java:134)
	at org.testng.internal.TestInvoker.invokeMethod(TestInvoker.java:597)
	at org.testng.internal.TestInvoker.invokeTestMethod(TestInvoker.java:173)
	at org.testng.internal.MethodRunner.runInSequence(MethodRunner.java:46)
	at org.testng.internal.TestInvoker$MethodInvocationAgent.invoke(TestInvoker.java:816)
	at org.testng.internal.TestInvoker.invokeTestMethods(TestInvoker.java:146)
	at org.testng.internal.TestMethodWorker.invokeTestMethods(TestMethodWorker.java:146)
	at org.testng.internal.TestMethodWorker.run(TestMethodWorker.java:128)
	at java.base/java.util.concurrent.ThreadPoolExecutor.runWorker(ThreadPoolExecutor.java:1136)
	at java.base/java.util.concurrent.ThreadPoolExecutor$Worker.run(ThreadPoolExecutor.java:635)
	at java.base/java.lang.Thread.run(Thread.java:833)
</pre></div></td>
<td>0</td>
<td>com.simplogics.testcases.StockEditApprover@cb191ca</td></tr>
<tr>
<td title='com.simplogics.testcases.StockGoldWithApproval.stockGoldWithApproval()'><b>stockGoldWithApproval</b><br>Test class: com.simplogics.testcases.StockGoldWithApproval<br>Parameters: {Config=1, ItemNumber=8640799, Length/Size=30, Version=13, UnitWt=20, Model=11145}</td>
<td><div><pre>org.testng.SkipException: Skipping the test STOCKGOLDWITHAPPROVALas the Run mode is NO
	at com.simplogics.testcases.StockGoldWithApproval.stockGoldWithApproval(StockGoldWithApproval.java:22)
	at java.base/java.util.concurrent.ThreadPoolExecutor.runWorker(ThreadPoolExecutor.java:1136)
	at java.base/java.util.concurrent.ThreadPoolExecutor$Worker.run(ThreadPoolExecutor.java:635)
	at java.base/java.lang.Thread.run(Thread.java:833)
... Removed 12 stack frames</pre></div><a href='#' onClick='toggleBox("stack-trace813429152", this, "Click to show all stack frames", "Click to hide stack frames")'>Click to show all stack frames</a>
<div class='stack-trace' id='stack-trace813429152'><pre>org.testng.SkipException: Skipping the test STOCKGOLDWITHAPPROVALas the Run mode is NO
	at com.simplogics.testcases.StockGoldWithApproval.stockGoldWithApproval(StockGoldWithApproval.java:22)
	at java.base/jdk.internal.reflect.NativeMethodAccessorImpl.invoke0(Native Method)
	at java.base/jdk.internal.reflect.NativeMethodAccessorImpl.invoke(NativeMethodAccessorImpl.java:77)
	at java.base/jdk.internal.reflect.DelegatingMethodAccessorImpl.invoke(DelegatingMethodAccessorImpl.java:43)
	at java.base/java.lang.reflect.Method.invoke(Method.java:568)
	at org.testng.internal.MethodInvocationHelper.invokeMethod(MethodInvocationHelper.java:134)
	at org.testng.internal.TestInvoker.invokeMethod(TestInvoker.java:597)
	at org.testng.internal.TestInvoker.invokeTestMethod(TestInvoker.java:173)
	at org.testng.internal.MethodRunner.runInSequence(MethodRunner.java:46)
	at org.testng.internal.TestInvoker$MethodInvocationAgent.invoke(TestInvoker.java:816)
	at org.testng.internal.TestInvoker.invokeTestMethods(TestInvoker.java:146)
	at org.testng.internal.TestMethodWorker.invokeTestMethods(TestMethodWorker.java:146)
	at org.testng.internal.TestMethodWorker.run(TestMethodWorker.java:128)
	at java.base/java.util.concurrent.ThreadPoolExecutor.runWorker(ThreadPoolExecutor.java:1136)
	at java.base/java.util.concurrent.ThreadPoolExecutor$Worker.run(ThreadPoolExecutor.java:635)
	at java.base/java.lang.Thread.run(Thread.java:833)
</pre></div></td>
<td>0</td>
<td>com.simplogics.testcases.StockGoldWithApproval@183e8023</td></tr>
<tr>
<td title='com.simplogics.testcases.StockGoldWithoutApproval.stockGoldWithoutApproval()'><b>stockGoldWithoutApproval</b><br>Test class: com.simplogics.testcases.StockGoldWithoutApproval<br>Parameters: {ItemNumber=8640789, Length/Size=30, UnitWt=10}</td>
<td><div><pre>org.testng.SkipException: Skipping the test STOCKGOLDWITHOUTAPPROVALas the Run mode is NO
	at com.simplogics.testcases.StockGoldWithoutApproval.stockGoldWithoutApproval(StockGoldWithoutApproval.java:22)
	at java.base/java.util.concurrent.ThreadPoolExecutor.runWorker(ThreadPoolExecutor.java:1136)
	at java.base/java.util.concurrent.ThreadPoolExecutor$Worker.run(ThreadPoolExecutor.java:635)
	at java.base/java.lang.Thread.run(Thread.java:833)
... Removed 12 stack frames</pre></div><a href='#' onClick='toggleBox("stack-trace407781361", this, "Click to show all stack frames", "Click to hide stack frames")'>Click to show all stack frames</a>
<div class='stack-trace' id='stack-trace407781361'><pre>org.testng.SkipException: Skipping the test STOCKGOLDWITHOUTAPPROVALas the Run mode is NO
	at com.simplogics.testcases.StockGoldWithoutApproval.stockGoldWithoutApproval(StockGoldWithoutApproval.java:22)
	at java.base/jdk.internal.reflect.NativeMethodAccessorImpl.invoke0(Native Method)
	at java.base/jdk.internal.reflect.NativeMethodAccessorImpl.invoke(NativeMethodAccessorImpl.java:77)
	at java.base/jdk.internal.reflect.DelegatingMethodAccessorImpl.invoke(DelegatingMethodAccessorImpl.java:43)
	at java.base/java.lang.reflect.Method.invoke(Method.java:568)
	at org.testng.internal.MethodInvocationHelper.invokeMethod(MethodInvocationHelper.java:134)
	at org.testng.internal.TestInvoker.invokeMethod(TestInvoker.java:597)
	at org.testng.internal.TestInvoker.invokeTestMethod(TestInvoker.java:173)
	at org.testng.internal.MethodRunner.runInSequence(MethodRunner.java:46)
	at org.testng.internal.TestInvoker$MethodInvocationAgent.invoke(TestInvoker.java:816)
	at org.testng.internal.TestInvoker.invokeTestMethods(TestInvoker.java:146)
	at org.testng.internal.TestMethodWorker.invokeTestMethods(TestMethodWorker.java:146)
	at org.testng.internal.TestMethodWorker.run(TestMethodWorker.java:128)
	at java.base/java.util.concurrent.ThreadPoolExecutor.runWorker(ThreadPoolExecutor.java:1136)
	at java.base/java.util.concurrent.ThreadPoolExecutor$Worker.run(ThreadPoolExecutor.java:635)
	at java.base/java.lang.Thread.run(Thread.java:833)
</pre></div></td>
<td>0</td>
<td>com.simplogics.testcases.StockGoldWithoutApproval@25e2a451</td></tr>
<tr>
<td title='com.simplogics.testcases.StockJewelleryWithApproval.stockJewelleryWithApproval()'><b>stockJewelleryWithApproval</b><br>Test class: com.simplogics.testcases.StockJewelleryWithApproval<br>Parameters: {Config=1, ItemNumber=8640800, Length/Size=30, Version=13, UnitWt=20, Model=11145}</td>
<td><div><pre>org.testng.SkipException: Skipping the test STOCKJEWELLERYWITHAPPROVALas the Run mode is NO
	at com.simplogics.testcases.StockJewelleryWithApproval.stockJewelleryWithApproval(StockJewelleryWithApproval.java:23)
	at java.base/java.util.concurrent.ThreadPoolExecutor.runWorker(ThreadPoolExecutor.java:1136)
	at java.base/java.util.concurrent.ThreadPoolExecutor$Worker.run(ThreadPoolExecutor.java:635)
	at java.base/java.lang.Thread.run(Thread.java:833)
... Removed 12 stack frames</pre></div><a href='#' onClick='toggleBox("stack-trace445608699", this, "Click to show all stack frames", "Click to hide stack frames")'>Click to show all stack frames</a>
<div class='stack-trace' id='stack-trace445608699'><pre>org.testng.SkipException: Skipping the test STOCKJEWELLERYWITHAPPROVALas the Run mode is NO
	at com.simplogics.testcases.StockJewelleryWithApproval.stockJewelleryWithApproval(StockJewelleryWithApproval.java:23)
	at java.base/jdk.internal.reflect.NativeMethodAccessorImpl.invoke0(Native Method)
	at java.base/jdk.internal.reflect.NativeMethodAccessorImpl.invoke(NativeMethodAccessorImpl.java:77)
	at java.base/jdk.internal.reflect.DelegatingMethodAccessorImpl.invoke(DelegatingMethodAccessorImpl.java:43)
	at java.base/java.lang.reflect.Method.invoke(Method.java:568)
	at org.testng.internal.MethodInvocationHelper.invokeMethod(MethodInvocationHelper.java:134)
	at org.testng.internal.TestInvoker.invokeMethod(TestInvoker.java:597)
	at org.testng.internal.TestInvoker.invokeTestMethod(TestInvoker.java:173)
	at org.testng.internal.MethodRunner.runInSequence(MethodRunner.java:46)
	at org.testng.internal.TestInvoker$MethodInvocationAgent.invoke(TestInvoker.java:816)
	at org.testng.internal.TestInvoker.invokeTestMethods(TestInvoker.java:146)
	at org.testng.internal.TestMethodWorker.invokeTestMethods(TestMethodWorker.java:146)
	at org.testng.internal.TestMethodWorker.run(TestMethodWorker.java:128)
	at java.base/java.util.concurrent.ThreadPoolExecutor.runWorker(ThreadPoolExecutor.java:1136)
	at java.base/java.util.concurrent.ThreadPoolExecutor$Worker.run(ThreadPoolExecutor.java:635)
	at java.base/java.lang.Thread.run(Thread.java:833)
</pre></div></td>
<td>0</td>
<td>com.simplogics.testcases.StockJewelleryWithApproval@53d1b9b3</td></tr>
<tr>
<td title='com.simplogics.testcases.StockJewelleryWithoutApproval.stockJewelleryWithoutApproval()'><b>stockJewelleryWithoutApproval</b><br>Test class: com.simplogics.testcases.StockJewelleryWithoutApproval<br>Parameters: {ItemNumber=8640177, Length/Size=30, UnitWt=10}</td>
<td><div><pre>org.testng.SkipException: Skipping the test STOCKJEWELLERYWITHOUTAPPROVALas the Run mode is NO
	at com.simplogics.testcases.StockJewelleryWithoutApproval.stockJewelleryWithoutApproval(StockJewelleryWithoutApproval.java:24)
	at java.base/java.util.concurrent.ThreadPoolExecutor.runWorker(ThreadPoolExecutor.java:1136)
	at java.base/java.util.concurrent.ThreadPoolExecutor$Worker.run(ThreadPoolExecutor.java:635)
	at java.base/java.lang.Thread.run(Thread.java:833)
... Removed 12 stack frames</pre></div><a href='#' onClick='toggleBox("stack-trace1978560548", this, "Click to show all stack frames", "Click to hide stack frames")'>Click to show all stack frames</a>
<div class='stack-trace' id='stack-trace1978560548'><pre>org.testng.SkipException: Skipping the test STOCKJEWELLERYWITHOUTAPPROVALas the Run mode is NO
	at com.simplogics.testcases.StockJewelleryWithoutApproval.stockJewelleryWithoutApproval(StockJewelleryWithoutApproval.java:24)
	at java.base/jdk.internal.reflect.NativeMethodAccessorImpl.invoke0(Native Method)
	at java.base/jdk.internal.reflect.NativeMethodAccessorImpl.invoke(NativeMethodAccessorImpl.java:77)
	at java.base/jdk.internal.reflect.DelegatingMethodAccessorImpl.invoke(DelegatingMethodAccessorImpl.java:43)
	at java.base/java.lang.reflect.Method.invoke(Method.java:568)
	at org.testng.internal.MethodInvocationHelper.invokeMethod(MethodInvocationHelper.java:134)
	at org.testng.internal.TestInvoker.invokeMethod(TestInvoker.java:597)
	at org.testng.internal.TestInvoker.invokeTestMethod(TestInvoker.java:173)
	at org.testng.internal.MethodRunner.runInSequence(MethodRunner.java:46)
	at org.testng.internal.TestInvoker$MethodInvocationAgent.invoke(TestInvoker.java:816)
	at org.testng.internal.TestInvoker.invokeTestMethods(TestInvoker.java:146)
	at org.testng.internal.TestMethodWorker.invokeTestMethods(TestMethodWorker.java:146)
	at org.testng.internal.TestMethodWorker.run(TestMethodWorker.java:128)
	at java.base/java.util.concurrent.ThreadPoolExecutor.runWorker(ThreadPoolExecutor.java:1136)
	at java.base/java.util.concurrent.ThreadPoolExecutor$Worker.run(ThreadPoolExecutor.java:635)
	at java.base/java.lang.Thread.run(Thread.java:833)
</pre></div></td>
<td>0</td>
<td>com.simplogics.testcases.StockJewelleryWithoutApproval@20a8a64e</td></tr>
<tr>
<td title='com.simplogics.testcases.TransferMenu.transferMenu()'><b>transferMenu</b><br>Test class: com.simplogics.testcases.TransferMenu</td>
<td><div><pre>org.testng.SkipException: Skipping the test TRANSFERMENUas the Run mode is NO
	at com.simplogics.testcases.TransferMenu.transferMenu(TransferMenu.java:17)
	at java.base/java.util.concurrent.ThreadPoolExecutor.runWorker(ThreadPoolExecutor.java:1136)
	at java.base/java.util.concurrent.ThreadPoolExecutor$Worker.run(ThreadPoolExecutor.java:635)
	at java.base/java.lang.Thread.run(Thread.java:833)
... Removed 12 stack frames</pre></div><a href='#' onClick='toggleBox("stack-trace1423425919", this, "Click to show all stack frames", "Click to hide stack frames")'>Click to show all stack frames</a>
<div class='stack-trace' id='stack-trace1423425919'><pre>org.testng.SkipException: Skipping the test TRANSFERMENUas the Run mode is NO
	at com.simplogics.testcases.TransferMenu.transferMenu(TransferMenu.java:17)
	at java.base/jdk.internal.reflect.NativeMethodAccessorImpl.invoke0(Native Method)
	at java.base/jdk.internal.reflect.NativeMethodAccessorImpl.invoke(NativeMethodAccessorImpl.java:77)
	at java.base/jdk.internal.reflect.DelegatingMethodAccessorImpl.invoke(DelegatingMethodAccessorImpl.java:43)
	at java.base/java.lang.reflect.Method.invoke(Method.java:568)
	at org.testng.internal.MethodInvocationHelper.invokeMethod(MethodInvocationHelper.java:134)
	at org.testng.internal.TestInvoker.invokeMethod(TestInvoker.java:597)
	at org.testng.internal.TestInvoker.invokeTestMethod(TestInvoker.java:173)
	at org.testng.internal.MethodRunner.runInSequence(MethodRunner.java:46)
	at org.testng.internal.TestInvoker$MethodInvocationAgent.invoke(TestInvoker.java:816)
	at org.testng.internal.TestInvoker.invokeTestMethods(TestInvoker.java:146)
	at org.testng.internal.TestMethodWorker.invokeTestMethods(TestMethodWorker.java:146)
	at org.testng.internal.TestMethodWorker.run(TestMethodWorker.java:128)
	at java.base/java.util.concurrent.ThreadPoolExecutor.runWorker(ThreadPoolExecutor.java:1136)
	at java.base/java.util.concurrent.ThreadPoolExecutor$Worker.run(ThreadPoolExecutor.java:635)
	at java.base/java.lang.Thread.run(Thread.java:833)
</pre></div></td>
<td>0</td>
<td>com.simplogics.testcases.TransferMenu@17a87e37</td></tr>
<tr>
<td title='com.simplogics.testcases.uploadinAddRow.uploadbtnAddRow()'><b>uploadbtnAddRow</b><br>Test class: com.simplogics.testcases.uploadinAddRow<br>Parameters: {runmode=Y, EXCELNAME=GoldInvoice_Detail_Template.xlsx}</td>
<td><div><pre>org.testng.SkipException: Skipping the test UPLOADBTNADDROWas the Run mode is NO
	at com.simplogics.testcases.uploadinAddRow.uploadbtnAddRow(uploadinAddRow.java:18)
	at java.base/java.util.concurrent.ThreadPoolExecutor.runWorker(ThreadPoolExecutor.java:1136)
	at java.base/java.util.concurrent.ThreadPoolExecutor$Worker.run(ThreadPoolExecutor.java:635)
	at java.base/java.lang.Thread.run(Thread.java:833)
... Removed 12 stack frames</pre></div><a href='#' onClick='toggleBox("stack-trace1361298553", this, "Click to show all stack frames", "Click to hide stack frames")'>Click to show all stack frames</a>
<div class='stack-trace' id='stack-trace1361298553'><pre>org.testng.SkipException: Skipping the test UPLOADBTNADDROWas the Run mode is NO
	at com.simplogics.testcases.uploadinAddRow.uploadbtnAddRow(uploadinAddRow.java:18)
	at java.base/jdk.internal.reflect.NativeMethodAccessorImpl.invoke0(Native Method)
	at java.base/jdk.internal.reflect.NativeMethodAccessorImpl.invoke(NativeMethodAccessorImpl.java:77)
	at java.base/jdk.internal.reflect.DelegatingMethodAccessorImpl.invoke(DelegatingMethodAccessorImpl.java:43)
	at java.base/java.lang.reflect.Method.invoke(Method.java:568)
	at org.testng.internal.MethodInvocationHelper.invokeMethod(MethodInvocationHelper.java:134)
	at org.testng.internal.TestInvoker.invokeMethod(TestInvoker.java:597)
	at org.testng.internal.TestInvoker.invokeTestMethod(TestInvoker.java:173)
	at org.testng.internal.MethodRunner.runInSequence(MethodRunner.java:46)
	at org.testng.internal.TestInvoker$MethodInvocationAgent.invoke(TestInvoker.java:816)
	at org.testng.internal.TestInvoker.invokeTestMethods(TestInvoker.java:146)
	at org.testng.internal.TestMethodWorker.invokeTestMethods(TestMethodWorker.java:146)
	at org.testng.internal.TestMethodWorker.run(TestMethodWorker.java:128)
	at java.base/java.util.concurrent.ThreadPoolExecutor.runWorker(ThreadPoolExecutor.java:1136)
	at java.base/java.util.concurrent.ThreadPoolExecutor$Worker.run(ThreadPoolExecutor.java:635)
	at java.base/java.lang.Thread.run(Thread.java:833)
</pre></div></td>
<td>0</td>
<td>com.simplogics.testcases.uploadinAddRow@3a0d172f</td></tr>
<tr>
<td title='com.simplogics.testcases.uploadinAddRow.uploadbtnAddRow()'><b>uploadbtnAddRow</b><br>Test class: com.simplogics.testcases.uploadinAddRow<br>Parameters: {runmode=N, EXCELNAME=JewelleryInvoice_Detail.xlsx}</td>
<td><div><pre>org.testng.SkipException: Skipping the test UPLOADBTNADDROWas the Run mode is NO
	at com.simplogics.testcases.uploadinAddRow.uploadbtnAddRow(uploadinAddRow.java:18)
	at java.base/java.util.concurrent.ThreadPoolExecutor.runWorker(ThreadPoolExecutor.java:1136)
	at java.base/java.util.concurrent.ThreadPoolExecutor$Worker.run(ThreadPoolExecutor.java:635)
	at java.base/java.lang.Thread.run(Thread.java:833)
... Removed 12 stack frames</pre></div><a href='#' onClick='toggleBox("stack-trace337727545", this, "Click to show all stack frames", "Click to hide stack frames")'>Click to show all stack frames</a>
<div class='stack-trace' id='stack-trace337727545'><pre>org.testng.SkipException: Skipping the test UPLOADBTNADDROWas the Run mode is NO
	at com.simplogics.testcases.uploadinAddRow.uploadbtnAddRow(uploadinAddRow.java:18)
	at java.base/jdk.internal.reflect.NativeMethodAccessorImpl.invoke0(Native Method)
	at java.base/jdk.internal.reflect.NativeMethodAccessorImpl.invoke(NativeMethodAccessorImpl.java:77)
	at java.base/jdk.internal.reflect.DelegatingMethodAccessorImpl.invoke(DelegatingMethodAccessorImpl.java:43)
	at java.base/java.lang.reflect.Method.invoke(Method.java:568)
	at org.testng.internal.MethodInvocationHelper.invokeMethod(MethodInvocationHelper.java:134)
	at org.testng.internal.TestInvoker.invokeMethod(TestInvoker.java:597)
	at org.testng.internal.TestInvoker.invokeTestMethod(TestInvoker.java:173)
	at org.testng.internal.MethodRunner.runInSequence(MethodRunner.java:46)
	at org.testng.internal.TestInvoker$MethodInvocationAgent.invoke(TestInvoker.java:816)
	at org.testng.internal.TestInvoker.invokeTestMethods(TestInvoker.java:146)
	at org.testng.internal.TestMethodWorker.invokeTestMethods(TestMethodWorker.java:146)
	at org.testng.internal.TestMethodWorker.run(TestMethodWorker.java:128)
	at java.base/java.util.concurrent.ThreadPoolExecutor.runWorker(ThreadPoolExecutor.java:1136)
	at java.base/java.util.concurrent.ThreadPoolExecutor$Worker.run(ThreadPoolExecutor.java:635)
	at java.base/java.lang.Thread.run(Thread.java:833)
</pre></div></td>
<td>0</td>
<td>com.simplogics.testcases.uploadinAddRow@3a0d172f</td></tr>
</table><p>
</body>
</html>